The system is: Linux - 6.0.9-300.fc37.x86_64 - x86_64
Compiling the C compiler identification source file "CMakeCCompilerId.c" succeeded.
Compiler: /usr/bin/clang 
Build flags: 
Id flags:  

The output was:
0


Compilation of the C compiler identification source "CMakeCCompilerId.c" produced "a.out"

The C compiler identification is Clang, found in "/home/salvo/Documenti/Tesi/CNN_model/export_C_int16/CMakeFiles/3.24.2/CompilerIdC/a.out"

Compiling the CXX compiler identification source file "CMakeCXXCompilerId.cpp" succeeded.
Compiler: /usr/bin/clang++ 
Build flags: 
Id flags:  

The output was:
0


Compilation of the CXX compiler identification source "CMakeCXXCompilerId.cpp" produced "a.out"

The CXX compiler identification is Clang, found in "/home/salvo/Documenti/Tesi/CNN_model/export_C_int16/CMakeFiles/3.24.2/CompilerIdCXX/a.out"

Detecting C compiler ABI info compiled with the following output:
Change Dir: /home/salvo/Documenti/Tesi/CNN_model/export_C_int16/CMakeFiles/CMakeTmp

Run Build Command(s):/usr/bin/gmake -f Makefile cmTC_48cff/fast && /usr/bin/gmake  -f CMakeFiles/cmTC_48cff.dir/build.make CMakeFiles/cmTC_48cff.dir/build
gmake[1]: Entering directory '/home/salvo/Documenti/Tesi/CNN_model/export_C_int16/CMakeFiles/CMakeTmp'
Building C object CMakeFiles/cmTC_48cff.dir/CMakeCCompilerABI.c.o
/usr/bin/clang   -fcolor-diagnostics   -v -MD -MT CMakeFiles/cmTC_48cff.dir/CMakeCCompilerABI.c.o -MF CMakeFiles/cmTC_48cff.dir/CMakeCCompilerABI.c.o.d -o CMakeFiles/cmTC_48cff.dir/CMakeCCompilerABI.c.o -c /usr/share/cmake/Modules/CMakeCCompilerABI.c
clang version 15.0.4 (Fedora 15.0.4-1.fc37)
Target: x86_64-redhat-linux-gnu
Thread model: posix
InstalledDir: /usr/bin
Found candidate GCC installation: /usr/bin/../lib/gcc/x86_64-redhat-linux/12
Selected GCC installation: /usr/bin/../lib/gcc/x86_64-redhat-linux/12
Candidate multilib: .;@m64
Candidate multilib: 32;@m32
Selected multilib: .;@m64
 (in-process)
 "/usr/bin/clang-15" -cc1 -triple x86_64-redhat-linux-gnu -emit-obj -mrelax-all --mrelax-relocations -disable-free -clear-ast-before-backend -disable-llvm-verifier -discard-value-names -main-file-name CMakeCCompilerABI.c -mrelocation-model static -mframe-pointer=all -fmath-errno -ffp-contract=on -fno-rounding-math -mconstructor-aliases -funwind-tables=2 -target-cpu x86-64 -tune-cpu generic -mllvm -treat-scalable-fixed-error-as-warning -debugger-tuning=gdb -v -fcoverage-compilation-dir=/home/salvo/Documenti/Tesi/CNN_model/export_C_int16/CMakeFiles/CMakeTmp -resource-dir /usr/lib64/clang/15.0.4 -dependency-file CMakeFiles/cmTC_48cff.dir/CMakeCCompilerABI.c.o.d -MT CMakeFiles/cmTC_48cff.dir/CMakeCCompilerABI.c.o -sys-header-deps -internal-isystem /usr/lib64/clang/15.0.4/include -internal-isystem /usr/local/include -internal-isystem /usr/bin/../lib/gcc/x86_64-redhat-linux/12/../../../../x86_64-redhat-linux/include -internal-externc-isystem /include -internal-externc-isystem /usr/include -fdebug-compilation-dir=/home/salvo/Documenti/Tesi/CNN_model/export_C_int16/CMakeFiles/CMakeTmp -ferror-limit 19 -fgnuc-version=4.2.1 -fcolor-diagnostics -faddrsig -D__GCC_HAVE_DWARF2_CFI_ASM=1 -o CMakeFiles/cmTC_48cff.dir/CMakeCCompilerABI.c.o -x c /usr/share/cmake/Modules/CMakeCCompilerABI.c
clang -cc1 version 15.0.4 based upon LLVM 15.0.4 default target x86_64-redhat-linux-gnu
ignoring nonexistent directory "/usr/bin/../lib/gcc/x86_64-redhat-linux/12/../../../../x86_64-redhat-linux/include"
ignoring nonexistent directory "/include"
#include "..." search starts here:
#include <...> search starts here:
 /usr/lib64/clang/15.0.4/include
 /usr/local/include
 /usr/include
End of search list.
Linking C executable cmTC_48cff
/usr/bin/cmake -E cmake_link_script CMakeFiles/cmTC_48cff.dir/link.txt --verbose=1
/usr/bin/clang  -v -rdynamic CMakeFiles/cmTC_48cff.dir/CMakeCCompilerABI.c.o -o cmTC_48cff 
clang version 15.0.4 (Fedora 15.0.4-1.fc37)
Target: x86_64-redhat-linux-gnu
Thread model: posix
InstalledDir: /usr/bin
Found candidate GCC installation: /usr/bin/../lib/gcc/x86_64-redhat-linux/12
Selected GCC installation: /usr/bin/../lib/gcc/x86_64-redhat-linux/12
Candidate multilib: .;@m64
Candidate multilib: 32;@m32
Selected multilib: .;@m64
 "/usr/bin/ld" -export-dynamic --hash-style=gnu --build-id --eh-frame-hdr -m elf_x86_64 -export-dynamic -dynamic-linker /lib64/ld-linux-x86-64.so.2 -o cmTC_48cff /usr/bin/../lib/gcc/x86_64-redhat-linux/12/../../../../lib64/crt1.o /usr/bin/../lib/gcc/x86_64-redhat-linux/12/../../../../lib64/crti.o /usr/bin/../lib/gcc/x86_64-redhat-linux/12/crtbegin.o -L/usr/bin/../lib/gcc/x86_64-redhat-linux/12 -L/usr/bin/../lib/gcc/x86_64-redhat-linux/12/../../../../lib64 -L/lib/../lib64 -L/usr/lib/../lib64 -L/lib -L/usr/lib CMakeFiles/cmTC_48cff.dir/CMakeCCompilerABI.c.o -lgcc --as-needed -lgcc_s --no-as-needed -lc -lgcc --as-needed -lgcc_s --no-as-needed /usr/bin/../lib/gcc/x86_64-redhat-linux/12/crtend.o /usr/bin/../lib/gcc/x86_64-redhat-linux/12/../../../../lib64/crtn.o
gmake[1]: Leaving directory '/home/salvo/Documenti/Tesi/CNN_model/export_C_int16/CMakeFiles/CMakeTmp'



Parsed C implicit include dir info from above output: rv=done
  found start of include info
  found start of implicit include info
    add: [/usr/lib64/clang/15.0.4/include]
    add: [/usr/local/include]
    add: [/usr/include]
  end of search list found
  collapse include dir [/usr/lib64/clang/15.0.4/include] ==> [/usr/lib64/clang/15.0.4/include]
  collapse include dir [/usr/local/include] ==> [/usr/local/include]
  collapse include dir [/usr/include] ==> [/usr/include]
  implicit include dirs: [/usr/lib64/clang/15.0.4/include;/usr/local/include;/usr/include]


Parsed C implicit link information from above output:
  link line regex: [^( *|.*[/\])(ld|CMAKE_LINK_STARTFILE-NOTFOUND|([^/\]+-)?ld|collect2)[^/\]*( |$)]
  ignore line: [Change Dir: /home/salvo/Documenti/Tesi/CNN_model/export_C_int16/CMakeFiles/CMakeTmp]
  ignore line: []
  ignore line: [Run Build Command(s):/usr/bin/gmake -f Makefile cmTC_48cff/fast && /usr/bin/gmake  -f CMakeFiles/cmTC_48cff.dir/build.make CMakeFiles/cmTC_48cff.dir/build]
  ignore line: [gmake[1]: Entering directory '/home/salvo/Documenti/Tesi/CNN_model/export_C_int16/CMakeFiles/CMakeTmp']
  ignore line: [Building C object CMakeFiles/cmTC_48cff.dir/CMakeCCompilerABI.c.o]
  ignore line: [/usr/bin/clang   -fcolor-diagnostics   -v -MD -MT CMakeFiles/cmTC_48cff.dir/CMakeCCompilerABI.c.o -MF CMakeFiles/cmTC_48cff.dir/CMakeCCompilerABI.c.o.d -o CMakeFiles/cmTC_48cff.dir/CMakeCCompilerABI.c.o -c /usr/share/cmake/Modules/CMakeCCompilerABI.c]
  ignore line: [clang version 15.0.4 (Fedora 15.0.4-1.fc37)]
  ignore line: [Target: x86_64-redhat-linux-gnu]
  ignore line: [Thread model: posix]
  ignore line: [InstalledDir: /usr/bin]
  ignore line: [Found candidate GCC installation: /usr/bin/../lib/gcc/x86_64-redhat-linux/12]
  ignore line: [Selected GCC installation: /usr/bin/../lib/gcc/x86_64-redhat-linux/12]
  ignore line: [Candidate multilib: .]
  ignore line: [@m64]
  ignore line: [Candidate multilib: 32]
  ignore line: [@m32]
  ignore line: [Selected multilib: .]
  ignore line: [@m64]
  ignore line: [ (in-process)]
  ignore line: [ "/usr/bin/clang-15" -cc1 -triple x86_64-redhat-linux-gnu -emit-obj -mrelax-all --mrelax-relocations -disable-free -clear-ast-before-backend -disable-llvm-verifier -discard-value-names -main-file-name CMakeCCompilerABI.c -mrelocation-model static -mframe-pointer=all -fmath-errno -ffp-contract=on -fno-rounding-math -mconstructor-aliases -funwind-tables=2 -target-cpu x86-64 -tune-cpu generic -mllvm -treat-scalable-fixed-error-as-warning -debugger-tuning=gdb -v -fcoverage-compilation-dir=/home/salvo/Documenti/Tesi/CNN_model/export_C_int16/CMakeFiles/CMakeTmp -resource-dir /usr/lib64/clang/15.0.4 -dependency-file CMakeFiles/cmTC_48cff.dir/CMakeCCompilerABI.c.o.d -MT CMakeFiles/cmTC_48cff.dir/CMakeCCompilerABI.c.o -sys-header-deps -internal-isystem /usr/lib64/clang/15.0.4/include -internal-isystem /usr/local/include -internal-isystem /usr/bin/../lib/gcc/x86_64-redhat-linux/12/../../../../x86_64-redhat-linux/include -internal-externc-isystem /include -internal-externc-isystem /usr/include -fdebug-compilation-dir=/home/salvo/Documenti/Tesi/CNN_model/export_C_int16/CMakeFiles/CMakeTmp -ferror-limit 19 -fgnuc-version=4.2.1 -fcolor-diagnostics -faddrsig -D__GCC_HAVE_DWARF2_CFI_ASM=1 -o CMakeFiles/cmTC_48cff.dir/CMakeCCompilerABI.c.o -x c /usr/share/cmake/Modules/CMakeCCompilerABI.c]
  ignore line: [clang -cc1 version 15.0.4 based upon LLVM 15.0.4 default target x86_64-redhat-linux-gnu]
  ignore line: [ignoring nonexistent directory "/usr/bin/../lib/gcc/x86_64-redhat-linux/12/../../../../x86_64-redhat-linux/include"]
  ignore line: [ignoring nonexistent directory "/include"]
  ignore line: [#include "..." search starts here:]
  ignore line: [#include <...> search starts here:]
  ignore line: [ /usr/lib64/clang/15.0.4/include]
  ignore line: [ /usr/local/include]
  ignore line: [ /usr/include]
  ignore line: [End of search list.]
  ignore line: [Linking C executable cmTC_48cff]
  ignore line: [/usr/bin/cmake -E cmake_link_script CMakeFiles/cmTC_48cff.dir/link.txt --verbose=1]
  ignore line: [/usr/bin/clang  -v -rdynamic CMakeFiles/cmTC_48cff.dir/CMakeCCompilerABI.c.o -o cmTC_48cff ]
  ignore line: [clang version 15.0.4 (Fedora 15.0.4-1.fc37)]
  ignore line: [Target: x86_64-redhat-linux-gnu]
  ignore line: [Thread model: posix]
  ignore line: [InstalledDir: /usr/bin]
  ignore line: [Found candidate GCC installation: /usr/bin/../lib/gcc/x86_64-redhat-linux/12]
  ignore line: [Selected GCC installation: /usr/bin/../lib/gcc/x86_64-redhat-linux/12]
  ignore line: [Candidate multilib: .]
  ignore line: [@m64]
  ignore line: [Candidate multilib: 32]
  ignore line: [@m32]
  ignore line: [Selected multilib: .]
  ignore line: [@m64]
  link line: [ "/usr/bin/ld" -export-dynamic --hash-style=gnu --build-id --eh-frame-hdr -m elf_x86_64 -export-dynamic -dynamic-linker /lib64/ld-linux-x86-64.so.2 -o cmTC_48cff /usr/bin/../lib/gcc/x86_64-redhat-linux/12/../../../../lib64/crt1.o /usr/bin/../lib/gcc/x86_64-redhat-linux/12/../../../../lib64/crti.o /usr/bin/../lib/gcc/x86_64-redhat-linux/12/crtbegin.o -L/usr/bin/../lib/gcc/x86_64-redhat-linux/12 -L/usr/bin/../lib/gcc/x86_64-redhat-linux/12/../../../../lib64 -L/lib/../lib64 -L/usr/lib/../lib64 -L/lib -L/usr/lib CMakeFiles/cmTC_48cff.dir/CMakeCCompilerABI.c.o -lgcc --as-needed -lgcc_s --no-as-needed -lc -lgcc --as-needed -lgcc_s --no-as-needed /usr/bin/../lib/gcc/x86_64-redhat-linux/12/crtend.o /usr/bin/../lib/gcc/x86_64-redhat-linux/12/../../../../lib64/crtn.o]
    arg [/usr/bin/ld] ==> ignore
    arg [-export-dynamic] ==> ignore
    arg [--hash-style=gnu] ==> ignore
    arg [--build-id] ==> ignore
    arg [--eh-frame-hdr] ==> ignore
    arg [-m] ==> ignore
    arg [elf_x86_64] ==> ignore
    arg [-export-dynamic] ==> ignore
    arg [-dynamic-linker] ==> ignore
    arg [/lib64/ld-linux-x86-64.so.2] ==> ignore
    arg [-o] ==> ignore
    arg [cmTC_48cff] ==> ignore
    arg [/usr/bin/../lib/gcc/x86_64-redhat-linux/12/../../../../lib64/crt1.o] ==> obj [/usr/bin/../lib/gcc/x86_64-redhat-linux/12/../../../../lib64/crt1.o]
    arg [/usr/bin/../lib/gcc/x86_64-redhat-linux/12/../../../../lib64/crti.o] ==> obj [/usr/bin/../lib/gcc/x86_64-redhat-linux/12/../../../../lib64/crti.o]
    arg [/usr/bin/../lib/gcc/x86_64-redhat-linux/12/crtbegin.o] ==> obj [/usr/bin/../lib/gcc/x86_64-redhat-linux/12/crtbegin.o]
    arg [-L/usr/bin/../lib/gcc/x86_64-redhat-linux/12] ==> dir [/usr/bin/../lib/gcc/x86_64-redhat-linux/12]
    arg [-L/usr/bin/../lib/gcc/x86_64-redhat-linux/12/../../../../lib64] ==> dir [/usr/bin/../lib/gcc/x86_64-redhat-linux/12/../../../../lib64]
    arg [-L/lib/../lib64] ==> dir [/lib/../lib64]
    arg [-L/usr/lib/../lib64] ==> dir [/usr/lib/../lib64]
    arg [-L/lib] ==> dir [/lib]
    arg [-L/usr/lib] ==> dir [/usr/lib]
    arg [CMakeFiles/cmTC_48cff.dir/CMakeCCompilerABI.c.o] ==> ignore
    arg [-lgcc] ==> lib [gcc]
    arg [--as-needed] ==> ignore
    arg [-lgcc_s] ==> lib [gcc_s]
    arg [--no-as-needed] ==> ignore
    arg [-lc] ==> lib [c]
    arg [-lgcc] ==> lib [gcc]
    arg [--as-needed] ==> ignore
    arg [-lgcc_s] ==> lib [gcc_s]
    arg [--no-as-needed] ==> ignore
    arg [/usr/bin/../lib/gcc/x86_64-redhat-linux/12/crtend.o] ==> obj [/usr/bin/../lib/gcc/x86_64-redhat-linux/12/crtend.o]
    arg [/usr/bin/../lib/gcc/x86_64-redhat-linux/12/../../../../lib64/crtn.o] ==> obj [/usr/bin/../lib/gcc/x86_64-redhat-linux/12/../../../../lib64/crtn.o]
  collapse obj [/usr/bin/../lib/gcc/x86_64-redhat-linux/12/../../../../lib64/crt1.o] ==> [/usr/lib64/crt1.o]
  collapse obj [/usr/bin/../lib/gcc/x86_64-redhat-linux/12/../../../../lib64/crti.o] ==> [/usr/lib64/crti.o]
  collapse obj [/usr/bin/../lib/gcc/x86_64-redhat-linux/12/crtbegin.o] ==> [/usr/lib/gcc/x86_64-redhat-linux/12/crtbegin.o]
  collapse obj [/usr/bin/../lib/gcc/x86_64-redhat-linux/12/crtend.o] ==> [/usr/lib/gcc/x86_64-redhat-linux/12/crtend.o]
  collapse obj [/usr/bin/../lib/gcc/x86_64-redhat-linux/12/../../../../lib64/crtn.o] ==> [/usr/lib64/crtn.o]
  collapse library dir [/usr/bin/../lib/gcc/x86_64-redhat-linux/12] ==> [/usr/lib/gcc/x86_64-redhat-linux/12]
  collapse library dir [/usr/bin/../lib/gcc/x86_64-redhat-linux/12/../../../../lib64] ==> [/usr/lib64]
  collapse library dir [/lib/../lib64] ==> [/lib64]
  collapse library dir [/usr/lib/../lib64] ==> [/usr/lib64]
  collapse library dir [/lib] ==> [/lib]
  collapse library dir [/usr/lib] ==> [/usr/lib]
  implicit libs: [gcc;gcc_s;c;gcc;gcc_s]
  implicit objs: [/usr/lib64/crt1.o;/usr/lib64/crti.o;/usr/lib/gcc/x86_64-redhat-linux/12/crtbegin.o;/usr/lib/gcc/x86_64-redhat-linux/12/crtend.o;/usr/lib64/crtn.o]
  implicit dirs: [/usr/lib/gcc/x86_64-redhat-linux/12;/usr/lib64;/lib64;/lib;/usr/lib]
  implicit fwks: []


Detecting CXX compiler ABI info compiled with the following output:
Change Dir: /home/salvo/Documenti/Tesi/CNN_model/export_C_int16/CMakeFiles/CMakeTmp

Run Build Command(s):/usr/bin/gmake -f Makefile cmTC_37d40/fast && /usr/bin/gmake  -f CMakeFiles/cmTC_37d40.dir/build.make CMakeFiles/cmTC_37d40.dir/build
gmake[1]: Entering directory '/home/salvo/Documenti/Tesi/CNN_model/export_C_int16/CMakeFiles/CMakeTmp'
Building CXX object CMakeFiles/cmTC_37d40.dir/CMakeCXXCompilerABI.cpp.o
/usr/bin/clang++   -fcolor-diagnostics   -v -MD -MT CMakeFiles/cmTC_37d40.dir/CMakeCXXCompilerABI.cpp.o -MF CMakeFiles/cmTC_37d40.dir/CMakeCXXCompilerABI.cpp.o.d -o CMakeFiles/cmTC_37d40.dir/CMakeCXXCompilerABI.cpp.o -c /usr/share/cmake/Modules/CMakeCXXCompilerABI.cpp
clang version 15.0.4 (Fedora 15.0.4-1.fc37)
Target: x86_64-redhat-linux-gnu
Thread model: posix
InstalledDir: /usr/bin
Found candidate GCC installation: /usr/bin/../lib/gcc/x86_64-redhat-linux/12
Selected GCC installation: /usr/bin/../lib/gcc/x86_64-redhat-linux/12
Candidate multilib: .;@m64
Candidate multilib: 32;@m32
Selected multilib: .;@m64
 (in-process)
 "/usr/bin/clang-15" -cc1 -triple x86_64-redhat-linux-gnu -emit-obj -mrelax-all --mrelax-relocations -disable-free -clear-ast-before-backend -disable-llvm-verifier -discard-value-names -main-file-name CMakeCXXCompilerABI.cpp -mrelocation-model static -mframe-pointer=all -fmath-errno -ffp-contract=on -fno-rounding-math -mconstructor-aliases -funwind-tables=2 -target-cpu x86-64 -tune-cpu generic -mllvm -treat-scalable-fixed-error-as-warning -debugger-tuning=gdb -v -fcoverage-compilation-dir=/home/salvo/Documenti/Tesi/CNN_model/export_C_int16/CMakeFiles/CMakeTmp -resource-dir /usr/lib64/clang/15.0.4 -dependency-file CMakeFiles/cmTC_37d40.dir/CMakeCXXCompilerABI.cpp.o.d -MT CMakeFiles/cmTC_37d40.dir/CMakeCXXCompilerABI.cpp.o -sys-header-deps -internal-isystem /usr/bin/../lib/gcc/x86_64-redhat-linux/12/../../../../include/c++/12 -internal-isystem /usr/bin/../lib/gcc/x86_64-redhat-linux/12/../../../../include/c++/12/x86_64-redhat-linux -internal-isystem /usr/bin/../lib/gcc/x86_64-redhat-linux/12/../../../../include/c++/12/backward -internal-isystem /usr/lib64/clang/15.0.4/include -internal-isystem /usr/local/include -internal-isystem /usr/bin/../lib/gcc/x86_64-redhat-linux/12/../../../../x86_64-redhat-linux/include -internal-externc-isystem /include -internal-externc-isystem /usr/include -fdeprecated-macro -fdebug-compilation-dir=/home/salvo/Documenti/Tesi/CNN_model/export_C_int16/CMakeFiles/CMakeTmp -ferror-limit 19 -fgnuc-version=4.2.1 -fcxx-exceptions -fexceptions -fcolor-diagnostics -faddrsig -D__GCC_HAVE_DWARF2_CFI_ASM=1 -o CMakeFiles/cmTC_37d40.dir/CMakeCXXCompilerABI.cpp.o -x c++ /usr/share/cmake/Modules/CMakeCXXCompilerABI.cpp
clang -cc1 version 15.0.4 based upon LLVM 15.0.4 default target x86_64-redhat-linux-gnu
ignoring nonexistent directory "/usr/bin/../lib/gcc/x86_64-redhat-linux/12/../../../../x86_64-redhat-linux/include"
ignoring nonexistent directory "/include"
#include "..." search starts here:
#include <...> search starts here:
 /usr/bin/../lib/gcc/x86_64-redhat-linux/12/../../../../include/c++/12
 /usr/bin/../lib/gcc/x86_64-redhat-linux/12/../../../../include/c++/12/x86_64-redhat-linux
 /usr/bin/../lib/gcc/x86_64-redhat-linux/12/../../../../include/c++/12/backward
 /usr/lib64/clang/15.0.4/include
 /usr/local/include
 /usr/include
End of search list.
Linking CXX executable cmTC_37d40
/usr/bin/cmake -E cmake_link_script CMakeFiles/cmTC_37d40.dir/link.txt --verbose=1
/usr/bin/clang++  -v -rdynamic CMakeFiles/cmTC_37d40.dir/CMakeCXXCompilerABI.cpp.o -o cmTC_37d40 
clang version 15.0.4 (Fedora 15.0.4-1.fc37)
Target: x86_64-redhat-linux-gnu
Thread model: posix
InstalledDir: /usr/bin
Found candidate GCC installation: /usr/bin/../lib/gcc/x86_64-redhat-linux/12
Selected GCC installation: /usr/bin/../lib/gcc/x86_64-redhat-linux/12
Candidate multilib: .;@m64
Candidate multilib: 32;@m32
Selected multilib: .;@m64
 "/usr/bin/ld" -export-dynamic --hash-style=gnu --build-id --eh-frame-hdr -m elf_x86_64 -export-dynamic -dynamic-linker /lib64/ld-linux-x86-64.so.2 -o cmTC_37d40 /usr/bin/../lib/gcc/x86_64-redhat-linux/12/../../../../lib64/crt1.o /usr/bin/../lib/gcc/x86_64-redhat-linux/12/../../../../lib64/crti.o /usr/bin/../lib/gcc/x86_64-redhat-linux/12/crtbegin.o -L/usr/bin/../lib/gcc/x86_64-redhat-linux/12 -L/usr/bin/../lib/gcc/x86_64-redhat-linux/12/../../../../lib64 -L/lib/../lib64 -L/usr/lib/../lib64 -L/lib -L/usr/lib CMakeFiles/cmTC_37d40.dir/CMakeCXXCompilerABI.cpp.o -lstdc++ -lm -lgcc_s -lgcc -lc -lgcc_s -lgcc /usr/bin/../lib/gcc/x86_64-redhat-linux/12/crtend.o /usr/bin/../lib/gcc/x86_64-redhat-linux/12/../../../../lib64/crtn.o
gmake[1]: Leaving directory '/home/salvo/Documenti/Tesi/CNN_model/export_C_int16/CMakeFiles/CMakeTmp'



Parsed CXX implicit include dir info from above output: rv=done
  found start of include info
  found start of implicit include info
    add: [/usr/bin/../lib/gcc/x86_64-redhat-linux/12/../../../../include/c++/12]
    add: [/usr/bin/../lib/gcc/x86_64-redhat-linux/12/../../../../include/c++/12/x86_64-redhat-linux]
    add: [/usr/bin/../lib/gcc/x86_64-redhat-linux/12/../../../../include/c++/12/backward]
    add: [/usr/lib64/clang/15.0.4/include]
    add: [/usr/local/include]
    add: [/usr/include]
  end of search list found
  collapse include dir [/usr/bin/../lib/gcc/x86_64-redhat-linux/12/../../../../include/c++/12] ==> [/usr/include/c++/12]
  collapse include dir [/usr/bin/../lib/gcc/x86_64-redhat-linux/12/../../../../include/c++/12/x86_64-redhat-linux] ==> [/usr/include/c++/12/x86_64-redhat-linux]
  collapse include dir [/usr/bin/../lib/gcc/x86_64-redhat-linux/12/../../../../include/c++/12/backward] ==> [/usr/include/c++/12/backward]
  collapse include dir [/usr/lib64/clang/15.0.4/include] ==> [/usr/lib64/clang/15.0.4/include]
  collapse include dir [/usr/local/include] ==> [/usr/local/include]
  collapse include dir [/usr/include] ==> [/usr/include]
  implicit include dirs: [/usr/include/c++/12;/usr/include/c++/12/x86_64-redhat-linux;/usr/include/c++/12/backward;/usr/lib64/clang/15.0.4/include;/usr/local/include;/usr/include]


Parsed CXX implicit link information from above output:
  link line regex: [^( *|.*[/\])(ld|CMAKE_LINK_STARTFILE-NOTFOUND|([^/\]+-)?ld|collect2)[^/\]*( |$)]
  ignore line: [Change Dir: /home/salvo/Documenti/Tesi/CNN_model/export_C_int16/CMakeFiles/CMakeTmp]
  ignore line: []
  ignore line: [Run Build Command(s):/usr/bin/gmake -f Makefile cmTC_37d40/fast && /usr/bin/gmake  -f CMakeFiles/cmTC_37d40.dir/build.make CMakeFiles/cmTC_37d40.dir/build]
  ignore line: [gmake[1]: Entering directory '/home/salvo/Documenti/Tesi/CNN_model/export_C_int16/CMakeFiles/CMakeTmp']
  ignore line: [Building CXX object CMakeFiles/cmTC_37d40.dir/CMakeCXXCompilerABI.cpp.o]
  ignore line: [/usr/bin/clang++   -fcolor-diagnostics   -v -MD -MT CMakeFiles/cmTC_37d40.dir/CMakeCXXCompilerABI.cpp.o -MF CMakeFiles/cmTC_37d40.dir/CMakeCXXCompilerABI.cpp.o.d -o CMakeFiles/cmTC_37d40.dir/CMakeCXXCompilerABI.cpp.o -c /usr/share/cmake/Modules/CMakeCXXCompilerABI.cpp]
  ignore line: [clang version 15.0.4 (Fedora 15.0.4-1.fc37)]
  ignore line: [Target: x86_64-redhat-linux-gnu]
  ignore line: [Thread model: posix]
  ignore line: [InstalledDir: /usr/bin]
  ignore line: [Found candidate GCC installation: /usr/bin/../lib/gcc/x86_64-redhat-linux/12]
  ignore line: [Selected GCC installation: /usr/bin/../lib/gcc/x86_64-redhat-linux/12]
  ignore line: [Candidate multilib: .]
  ignore line: [@m64]
  ignore line: [Candidate multilib: 32]
  ignore line: [@m32]
  ignore line: [Selected multilib: .]
  ignore line: [@m64]
  ignore line: [ (in-process)]
  ignore line: [ "/usr/bin/clang-15" -cc1 -triple x86_64-redhat-linux-gnu -emit-obj -mrelax-all --mrelax-relocations -disable-free -clear-ast-before-backend -disable-llvm-verifier -discard-value-names -main-file-name CMakeCXXCompilerABI.cpp -mrelocation-model static -mframe-pointer=all -fmath-errno -ffp-contract=on -fno-rounding-math -mconstructor-aliases -funwind-tables=2 -target-cpu x86-64 -tune-cpu generic -mllvm -treat-scalable-fixed-error-as-warning -debugger-tuning=gdb -v -fcoverage-compilation-dir=/home/salvo/Documenti/Tesi/CNN_model/export_C_int16/CMakeFiles/CMakeTmp -resource-dir /usr/lib64/clang/15.0.4 -dependency-file CMakeFiles/cmTC_37d40.dir/CMakeCXXCompilerABI.cpp.o.d -MT CMakeFiles/cmTC_37d40.dir/CMakeCXXCompilerABI.cpp.o -sys-header-deps -internal-isystem /usr/bin/../lib/gcc/x86_64-redhat-linux/12/../../../../include/c++/12 -internal-isystem /usr/bin/../lib/gcc/x86_64-redhat-linux/12/../../../../include/c++/12/x86_64-redhat-linux -internal-isystem /usr/bin/../lib/gcc/x86_64-redhat-linux/12/../../../../include/c++/12/backward -internal-isystem /usr/lib64/clang/15.0.4/include -internal-isystem /usr/local/include -internal-isystem /usr/bin/../lib/gcc/x86_64-redhat-linux/12/../../../../x86_64-redhat-linux/include -internal-externc-isystem /include -internal-externc-isystem /usr/include -fdeprecated-macro -fdebug-compilation-dir=/home/salvo/Documenti/Tesi/CNN_model/export_C_int16/CMakeFiles/CMakeTmp -ferror-limit 19 -fgnuc-version=4.2.1 -fcxx-exceptions -fexceptions -fcolor-diagnostics -faddrsig -D__GCC_HAVE_DWARF2_CFI_ASM=1 -o CMakeFiles/cmTC_37d40.dir/CMakeCXXCompilerABI.cpp.o -x c++ /usr/share/cmake/Modules/CMakeCXXCompilerABI.cpp]
  ignore line: [clang -cc1 version 15.0.4 based upon LLVM 15.0.4 default target x86_64-redhat-linux-gnu]
  ignore line: [ignoring nonexistent directory "/usr/bin/../lib/gcc/x86_64-redhat-linux/12/../../../../x86_64-redhat-linux/include"]
  ignore line: [ignoring nonexistent directory "/include"]
  ignore line: [#include "..." search starts here:]
  ignore line: [#include <...> search starts here:]
  ignore line: [ /usr/bin/../lib/gcc/x86_64-redhat-linux/12/../../../../include/c++/12]
  ignore line: [ /usr/bin/../lib/gcc/x86_64-redhat-linux/12/../../../../include/c++/12/x86_64-redhat-linux]
  ignore line: [ /usr/bin/../lib/gcc/x86_64-redhat-linux/12/../../../../include/c++/12/backward]
  ignore line: [ /usr/lib64/clang/15.0.4/include]
  ignore line: [ /usr/local/include]
  ignore line: [ /usr/include]
  ignore line: [End of search list.]
  ignore line: [Linking CXX executable cmTC_37d40]
  ignore line: [/usr/bin/cmake -E cmake_link_script CMakeFiles/cmTC_37d40.dir/link.txt --verbose=1]
  ignore line: [/usr/bin/clang++  -v -rdynamic CMakeFiles/cmTC_37d40.dir/CMakeCXXCompilerABI.cpp.o -o cmTC_37d40 ]
  ignore line: [clang version 15.0.4 (Fedora 15.0.4-1.fc37)]
  ignore line: [Target: x86_64-redhat-linux-gnu]
  ignore line: [Thread model: posix]
  ignore line: [InstalledDir: /usr/bin]
  ignore line: [Found candidate GCC installation: /usr/bin/../lib/gcc/x86_64-redhat-linux/12]
  ignore line: [Selected GCC installation: /usr/bin/../lib/gcc/x86_64-redhat-linux/12]
  ignore line: [Candidate multilib: .]
  ignore line: [@m64]
  ignore line: [Candidate multilib: 32]
  ignore line: [@m32]
  ignore line: [Selected multilib: .]
  ignore line: [@m64]
  link line: [ "/usr/bin/ld" -export-dynamic --hash-style=gnu --build-id --eh-frame-hdr -m elf_x86_64 -export-dynamic -dynamic-linker /lib64/ld-linux-x86-64.so.2 -o cmTC_37d40 /usr/bin/../lib/gcc/x86_64-redhat-linux/12/../../../../lib64/crt1.o /usr/bin/../lib/gcc/x86_64-redhat-linux/12/../../../../lib64/crti.o /usr/bin/../lib/gcc/x86_64-redhat-linux/12/crtbegin.o -L/usr/bin/../lib/gcc/x86_64-redhat-linux/12 -L/usr/bin/../lib/gcc/x86_64-redhat-linux/12/../../../../lib64 -L/lib/../lib64 -L/usr/lib/../lib64 -L/lib -L/usr/lib CMakeFiles/cmTC_37d40.dir/CMakeCXXCompilerABI.cpp.o -lstdc++ -lm -lgcc_s -lgcc -lc -lgcc_s -lgcc /usr/bin/../lib/gcc/x86_64-redhat-linux/12/crtend.o /usr/bin/../lib/gcc/x86_64-redhat-linux/12/../../../../lib64/crtn.o]
    arg [/usr/bin/ld] ==> ignore
    arg [-export-dynamic] ==> ignore
    arg [--hash-style=gnu] ==> ignore
    arg [--build-id] ==> ignore
    arg [--eh-frame-hdr] ==> ignore
    arg [-m] ==> ignore
    arg [elf_x86_64] ==> ignore
    arg [-export-dynamic] ==> ignore
    arg [-dynamic-linker] ==> ignore
    arg [/lib64/ld-linux-x86-64.so.2] ==> ignore
    arg [-o] ==> ignore
    arg [cmTC_37d40] ==> ignore
    arg [/usr/bin/../lib/gcc/x86_64-redhat-linux/12/../../../../lib64/crt1.o] ==> obj [/usr/bin/../lib/gcc/x86_64-redhat-linux/12/../../../../lib64/crt1.o]
    arg [/usr/bin/../lib/gcc/x86_64-redhat-linux/12/../../../../lib64/crti.o] ==> obj [/usr/bin/../lib/gcc/x86_64-redhat-linux/12/../../../../lib64/crti.o]
    arg [/usr/bin/../lib/gcc/x86_64-redhat-linux/12/crtbegin.o] ==> obj [/usr/bin/../lib/gcc/x86_64-redhat-linux/12/crtbegin.o]
    arg [-L/usr/bin/../lib/gcc/x86_64-redhat-linux/12] ==> dir [/usr/bin/../lib/gcc/x86_64-redhat-linux/12]
    arg [-L/usr/bin/../lib/gcc/x86_64-redhat-linux/12/../../../../lib64] ==> dir [/usr/bin/../lib/gcc/x86_64-redhat-linux/12/../../../../lib64]
    arg [-L/lib/../lib64] ==> dir [/lib/../lib64]
    arg [-L/usr/lib/../lib64] ==> dir [/usr/lib/../lib64]
    arg [-L/lib] ==> dir [/lib]
    arg [-L/usr/lib] ==> dir [/usr/lib]
    arg [CMakeFiles/cmTC_37d40.dir/CMakeCXXCompilerABI.cpp.o] ==> ignore
    arg [-lstdc++] ==> lib [stdc++]
    arg [-lm] ==> lib [m]
    arg [-lgcc_s] ==> lib [gcc_s]
    arg [-lgcc] ==> lib [gcc]
    arg [-lc] ==> lib [c]
    arg [-lgcc_s] ==> lib [gcc_s]
    arg [-lgcc] ==> lib [gcc]
    arg [/usr/bin/../lib/gcc/x86_64-redhat-linux/12/crtend.o] ==> obj [/usr/bin/../lib/gcc/x86_64-redhat-linux/12/crtend.o]
    arg [/usr/bin/../lib/gcc/x86_64-redhat-linux/12/../../../../lib64/crtn.o] ==> obj [/usr/bin/../lib/gcc/x86_64-redhat-linux/12/../../../../lib64/crtn.o]
  collapse obj [/usr/bin/../lib/gcc/x86_64-redhat-linux/12/../../../../lib64/crt1.o] ==> [/usr/lib64/crt1.o]
  collapse obj [/usr/bin/../lib/gcc/x86_64-redhat-linux/12/../../../../lib64/crti.o] ==> [/usr/lib64/crti.o]
  collapse obj [/usr/bin/../lib/gcc/x86_64-redhat-linux/12/crtbegin.o] ==> [/usr/lib/gcc/x86_64-redhat-linux/12/crtbegin.o]
  collapse obj [/usr/bin/../lib/gcc/x86_64-redhat-linux/12/crtend.o] ==> [/usr/lib/gcc/x86_64-redhat-linux/12/crtend.o]
  collapse obj [/usr/bin/../lib/gcc/x86_64-redhat-linux/12/../../../../lib64/crtn.o] ==> [/usr/lib64/crtn.o]
  collapse library dir [/usr/bin/../lib/gcc/x86_64-redhat-linux/12] ==> [/usr/lib/gcc/x86_64-redhat-linux/12]
  collapse library dir [/usr/bin/../lib/gcc/x86_64-redhat-linux/12/../../../../lib64] ==> [/usr/lib64]
  collapse library dir [/lib/../lib64] ==> [/lib64]
  collapse library dir [/usr/lib/../lib64] ==> [/usr/lib64]
  collapse library dir [/lib] ==> [/lib]
  collapse library dir [/usr/lib] ==> [/usr/lib]
  implicit libs: [stdc++;m;gcc_s;gcc;c;gcc_s;gcc]
  implicit objs: [/usr/lib64/crt1.o;/usr/lib64/crti.o;/usr/lib/gcc/x86_64-redhat-linux/12/crtbegin.o;/usr/lib/gcc/x86_64-redhat-linux/12/crtend.o;/usr/lib64/crtn.o]
  implicit dirs: [/usr/lib/gcc/x86_64-redhat-linux/12;/usr/lib64;/lib64;/lib;/usr/lib]
  implicit fwks: []


Detecting C OpenMP compiler ABI info compiled with the following output:
Change Dir: /home/salvo/Documenti/Tesi/CNN_model/export_C_int16/CMakeFiles/CMakeTmp

Run Build Command(s):/usr/bin/gmake -f Makefile cmTC_ff4c8/fast && /usr/bin/gmake  -f CMakeFiles/cmTC_ff4c8.dir/build.make CMakeFiles/cmTC_ff4c8.dir/build
gmake[1]: ingresso nella directory «/home/salvo/Documenti/Tesi/CNN_model/export_C_int16/CMakeFiles/CMakeTmp»
Building C object CMakeFiles/cmTC_ff4c8.dir/OpenMPTryFlag.c.o
/usr/bin/clang   -fopenmp=libomp -v -fcolor-diagnostics -MD -MT CMakeFiles/cmTC_ff4c8.dir/OpenMPTryFlag.c.o -MF CMakeFiles/cmTC_ff4c8.dir/OpenMPTryFlag.c.o.d -o CMakeFiles/cmTC_ff4c8.dir/OpenMPTryFlag.c.o -c /home/salvo/Documenti/Tesi/CNN_model/export_C_int16/CMakeFiles/FindOpenMP/OpenMPTryFlag.c
clang version 15.0.4 (Fedora 15.0.4-1.fc37)
Target: x86_64-redhat-linux-gnu
Thread model: posix
InstalledDir: /usr/bin
Found candidate GCC installation: /usr/bin/../lib/gcc/x86_64-redhat-linux/12
Selected GCC installation: /usr/bin/../lib/gcc/x86_64-redhat-linux/12
Candidate multilib: .;@m64
Candidate multilib: 32;@m32
Selected multilib: .;@m64
 (in-process)
 "/usr/bin/clang-15" -cc1 -triple x86_64-redhat-linux-gnu -emit-obj -mrelax-all --mrelax-relocations -disable-free -clear-ast-before-backend -disable-llvm-verifier -discard-value-names -main-file-name OpenMPTryFlag.c -mrelocation-model static -mframe-pointer=all -fmath-errno -ffp-contract=on -fno-rounding-math -mconstructor-aliases -funwind-tables=2 -target-cpu x86-64 -tune-cpu generic -mllvm -treat-scalable-fixed-error-as-warning -debugger-tuning=gdb -v -fcoverage-compilation-dir=/home/salvo/Documenti/Tesi/CNN_model/export_C_int16/CMakeFiles/CMakeTmp -resource-dir /usr/lib64/clang/15.0.4 -dependency-file CMakeFiles/cmTC_ff4c8.dir/OpenMPTryFlag.c.o.d -MT CMakeFiles/cmTC_ff4c8.dir/OpenMPTryFlag.c.o -sys-header-deps -internal-isystem /usr/lib64/clang/15.0.4/include -internal-isystem /usr/local/include -internal-isystem /usr/bin/../lib/gcc/x86_64-redhat-linux/12/../../../../x86_64-redhat-linux/include -internal-externc-isystem /include -internal-externc-isystem /usr/include -fdebug-compilation-dir=/home/salvo/Documenti/Tesi/CNN_model/export_C_int16/CMakeFiles/CMakeTmp -ferror-limit 19 -fopenmp -fgnuc-version=4.2.1 -fcolor-diagnostics -faddrsig -D__GCC_HAVE_DWARF2_CFI_ASM=1 -o CMakeFiles/cmTC_ff4c8.dir/OpenMPTryFlag.c.o -x c /home/salvo/Documenti/Tesi/CNN_model/export_C_int16/CMakeFiles/FindOpenMP/OpenMPTryFlag.c
clang -cc1 version 15.0.4 based upon LLVM 15.0.4 default target x86_64-redhat-linux-gnu
ignoring nonexistent directory "/usr/bin/../lib/gcc/x86_64-redhat-linux/12/../../../../x86_64-redhat-linux/include"
ignoring nonexistent directory "/include"
#include "..." search starts here:
#include <...> search starts here:
 /usr/lib64/clang/15.0.4/include
 /usr/local/include
 /usr/include
End of search list.
Linking C executable cmTC_ff4c8
/usr/bin/cmake -E cmake_link_script CMakeFiles/cmTC_ff4c8.dir/link.txt --verbose=1
/usr/bin/clang  -fopenmp=libomp -v -rdynamic CMakeFiles/cmTC_ff4c8.dir/OpenMPTryFlag.c.o -o cmTC_ff4c8  -v 
clang version 15.0.4 (Fedora 15.0.4-1.fc37)
Target: x86_64-redhat-linux-gnu
Thread model: posix
InstalledDir: /usr/bin
Found candidate GCC installation: /usr/bin/../lib/gcc/x86_64-redhat-linux/12
Selected GCC installation: /usr/bin/../lib/gcc/x86_64-redhat-linux/12
Candidate multilib: .;@m64
Candidate multilib: 32;@m32
Selected multilib: .;@m64
 "/usr/bin/ld" -export-dynamic --hash-style=gnu --build-id --eh-frame-hdr -m elf_x86_64 -export-dynamic -dynamic-linker /lib64/ld-linux-x86-64.so.2 -o cmTC_ff4c8 /usr/bin/../lib/gcc/x86_64-redhat-linux/12/../../../../lib64/crt1.o /usr/bin/../lib/gcc/x86_64-redhat-linux/12/../../../../lib64/crti.o /usr/bin/../lib/gcc/x86_64-redhat-linux/12/crtbegin.o -L/usr/bin/../lib/gcc/x86_64-redhat-linux/12 -L/usr/bin/../lib/gcc/x86_64-redhat-linux/12/../../../../lib64 -L/lib/../lib64 -L/usr/lib/../lib64 -L/lib -L/usr/lib CMakeFiles/cmTC_ff4c8.dir/OpenMPTryFlag.c.o -lomp -rpath /usr/lib64 -L/usr/lib64 -lgcc --as-needed -lgcc_s --no-as-needed -lpthread -lc -lgcc --as-needed -lgcc_s --no-as-needed /usr/bin/../lib/gcc/x86_64-redhat-linux/12/crtend.o /usr/bin/../lib/gcc/x86_64-redhat-linux/12/../../../../lib64/crtn.o
gmake[1]: uscita dalla directory «/home/salvo/Documenti/Tesi/CNN_model/export_C_int16/CMakeFiles/CMakeTmp»



Parsed C OpenMP implicit link information from above output:
  link line regex: [^( *|.*[/\])(ld|CMAKE_LINK_STARTFILE-NOTFOUND|([^/\]+-)?ld|collect2)[^/\]*( |$)]
  ignore line: [Change Dir: /home/salvo/Documenti/Tesi/CNN_model/export_C_int16/CMakeFiles/CMakeTmp]
  ignore line: []
  ignore line: [Run Build Command(s):/usr/bin/gmake -f Makefile cmTC_ff4c8/fast && /usr/bin/gmake  -f CMakeFiles/cmTC_ff4c8.dir/build.make CMakeFiles/cmTC_ff4c8.dir/build]
  ignore line: [gmake[1]: ingresso nella directory «/home/salvo/Documenti/Tesi/CNN_model/export_C_int16/CMakeFiles/CMakeTmp»]
  ignore line: [Building C object CMakeFiles/cmTC_ff4c8.dir/OpenMPTryFlag.c.o]
  ignore line: [/usr/bin/clang   -fopenmp=libomp -v -fcolor-diagnostics -MD -MT CMakeFiles/cmTC_ff4c8.dir/OpenMPTryFlag.c.o -MF CMakeFiles/cmTC_ff4c8.dir/OpenMPTryFlag.c.o.d -o CMakeFiles/cmTC_ff4c8.dir/OpenMPTryFlag.c.o -c /home/salvo/Documenti/Tesi/CNN_model/export_C_int16/CMakeFiles/FindOpenMP/OpenMPTryFlag.c]
  ignore line: [clang version 15.0.4 (Fedora 15.0.4-1.fc37)]
  ignore line: [Target: x86_64-redhat-linux-gnu]
  ignore line: [Thread model: posix]
  ignore line: [InstalledDir: /usr/bin]
  ignore line: [Found candidate GCC installation: /usr/bin/../lib/gcc/x86_64-redhat-linux/12]
  ignore line: [Selected GCC installation: /usr/bin/../lib/gcc/x86_64-redhat-linux/12]
  ignore line: [Candidate multilib: .]
  ignore line: [@m64]
  ignore line: [Candidate multilib: 32]
  ignore line: [@m32]
  ignore line: [Selected multilib: .]
  ignore line: [@m64]
  ignore line: [ (in-process)]
  ignore line: [ "/usr/bin/clang-15" -cc1 -triple x86_64-redhat-linux-gnu -emit-obj -mrelax-all --mrelax-relocations -disable-free -clear-ast-before-backend -disable-llvm-verifier -discard-value-names -main-file-name OpenMPTryFlag.c -mrelocation-model static -mframe-pointer=all -fmath-errno -ffp-contract=on -fno-rounding-math -mconstructor-aliases -funwind-tables=2 -target-cpu x86-64 -tune-cpu generic -mllvm -treat-scalable-fixed-error-as-warning -debugger-tuning=gdb -v -fcoverage-compilation-dir=/home/salvo/Documenti/Tesi/CNN_model/export_C_int16/CMakeFiles/CMakeTmp -resource-dir /usr/lib64/clang/15.0.4 -dependency-file CMakeFiles/cmTC_ff4c8.dir/OpenMPTryFlag.c.o.d -MT CMakeFiles/cmTC_ff4c8.dir/OpenMPTryFlag.c.o -sys-header-deps -internal-isystem /usr/lib64/clang/15.0.4/include -internal-isystem /usr/local/include -internal-isystem /usr/bin/../lib/gcc/x86_64-redhat-linux/12/../../../../x86_64-redhat-linux/include -internal-externc-isystem /include -internal-externc-isystem /usr/include -fdebug-compilation-dir=/home/salvo/Documenti/Tesi/CNN_model/export_C_int16/CMakeFiles/CMakeTmp -ferror-limit 19 -fopenmp -fgnuc-version=4.2.1 -fcolor-diagnostics -faddrsig -D__GCC_HAVE_DWARF2_CFI_ASM=1 -o CMakeFiles/cmTC_ff4c8.dir/OpenMPTryFlag.c.o -x c /home/salvo/Documenti/Tesi/CNN_model/export_C_int16/CMakeFiles/FindOpenMP/OpenMPTryFlag.c]
  ignore line: [clang -cc1 version 15.0.4 based upon LLVM 15.0.4 default target x86_64-redhat-linux-gnu]
  ignore line: [ignoring nonexistent directory "/usr/bin/../lib/gcc/x86_64-redhat-linux/12/../../../../x86_64-redhat-linux/include"]
  ignore line: [ignoring nonexistent directory "/include"]
  ignore line: [#include "..." search starts here:]
  ignore line: [#include <...> search starts here:]
  ignore line: [ /usr/lib64/clang/15.0.4/include]
  ignore line: [ /usr/local/include]
  ignore line: [ /usr/include]
  ignore line: [End of search list.]
  ignore line: [Linking C executable cmTC_ff4c8]
  ignore line: [/usr/bin/cmake -E cmake_link_script CMakeFiles/cmTC_ff4c8.dir/link.txt --verbose=1]
  ignore line: [/usr/bin/clang  -fopenmp=libomp -v -rdynamic CMakeFiles/cmTC_ff4c8.dir/OpenMPTryFlag.c.o -o cmTC_ff4c8  -v ]
  ignore line: [clang version 15.0.4 (Fedora 15.0.4-1.fc37)]
  ignore line: [Target: x86_64-redhat-linux-gnu]
  ignore line: [Thread model: posix]
  ignore line: [InstalledDir: /usr/bin]
  ignore line: [Found candidate GCC installation: /usr/bin/../lib/gcc/x86_64-redhat-linux/12]
  ignore line: [Selected GCC installation: /usr/bin/../lib/gcc/x86_64-redhat-linux/12]
  ignore line: [Candidate multilib: .]
  ignore line: [@m64]
  ignore line: [Candidate multilib: 32]
  ignore line: [@m32]
  ignore line: [Selected multilib: .]
  ignore line: [@m64]
  link line: [ "/usr/bin/ld" -export-dynamic --hash-style=gnu --build-id --eh-frame-hdr -m elf_x86_64 -export-dynamic -dynamic-linker /lib64/ld-linux-x86-64.so.2 -o cmTC_ff4c8 /usr/bin/../lib/gcc/x86_64-redhat-linux/12/../../../../lib64/crt1.o /usr/bin/../lib/gcc/x86_64-redhat-linux/12/../../../../lib64/crti.o /usr/bin/../lib/gcc/x86_64-redhat-linux/12/crtbegin.o -L/usr/bin/../lib/gcc/x86_64-redhat-linux/12 -L/usr/bin/../lib/gcc/x86_64-redhat-linux/12/../../../../lib64 -L/lib/../lib64 -L/usr/lib/../lib64 -L/lib -L/usr/lib CMakeFiles/cmTC_ff4c8.dir/OpenMPTryFlag.c.o -lomp -rpath /usr/lib64 -L/usr/lib64 -lgcc --as-needed -lgcc_s --no-as-needed -lpthread -lc -lgcc --as-needed -lgcc_s --no-as-needed /usr/bin/../lib/gcc/x86_64-redhat-linux/12/crtend.o /usr/bin/../lib/gcc/x86_64-redhat-linux/12/../../../../lib64/crtn.o]
    arg [/usr/bin/ld] ==> ignore
    arg [-export-dynamic] ==> ignore
    arg [--hash-style=gnu] ==> ignore
    arg [--build-id] ==> ignore
    arg [--eh-frame-hdr] ==> ignore
    arg [-m] ==> ignore
    arg [elf_x86_64] ==> ignore
    arg [-export-dynamic] ==> ignore
    arg [-dynamic-linker] ==> ignore
    arg [/lib64/ld-linux-x86-64.so.2] ==> ignore
    arg [-o] ==> ignore
    arg [cmTC_ff4c8] ==> ignore
    arg [-L/usr/bin/../lib/gcc/x86_64-redhat-linux/12] ==> dir [/usr/bin/../lib/gcc/x86_64-redhat-linux/12]
    arg [-L/usr/bin/../lib/gcc/x86_64-redhat-linux/12/../../../../lib64] ==> dir [/usr/bin/../lib/gcc/x86_64-redhat-linux/12/../../../../lib64]
    arg [-L/lib/../lib64] ==> dir [/lib/../lib64]
    arg [-L/usr/lib/../lib64] ==> dir [/usr/lib/../lib64]
    arg [-L/lib] ==> dir [/lib]
    arg [-L/usr/lib] ==> dir [/usr/lib]
    arg [CMakeFiles/cmTC_ff4c8.dir/OpenMPTryFlag.c.o] ==> ignore
    arg [-lomp] ==> lib [omp]
    arg [-rpath] ==> ignore
    arg [/usr/lib64] ==> ignore
    arg [-L/usr/lib64] ==> dir [/usr/lib64]
    arg [-lgcc] ==> lib [gcc]
    arg [--as-needed] ==> ignore
    arg [-lgcc_s] ==> lib [gcc_s]
    arg [--no-as-needed] ==> ignore
    arg [-lpthread] ==> lib [pthread]
    arg [-lc] ==> lib [c]
    arg [-lgcc] ==> lib [gcc]
    arg [--as-needed] ==> ignore
    arg [-lgcc_s] ==> lib [gcc_s]
    arg [--no-as-needed] ==> ignore
  collapse library dir [/usr/bin/../lib/gcc/x86_64-redhat-linux/12] ==> [/usr/lib/gcc/x86_64-redhat-linux/12]
  collapse library dir [/usr/bin/../lib/gcc/x86_64-redhat-linux/12/../../../../lib64] ==> [/usr/lib64]
  collapse library dir [/lib/../lib64] ==> [/lib64]
  collapse library dir [/usr/lib/../lib64] ==> [/usr/lib64]
  collapse library dir [/lib] ==> [/lib]
  collapse library dir [/usr/lib] ==> [/usr/lib]
  collapse library dir [/usr/lib64] ==> [/usr/lib64]
  implicit libs: [omp;gcc;gcc_s;pthread;c;gcc;gcc_s]
  implicit objs: []
  implicit dirs: [/usr/lib/gcc/x86_64-redhat-linux/12;/usr/lib64;/lib64;/lib;/usr/lib]
  implicit fwks: []


Detecting CXX OpenMP compiler ABI info compiled with the following output:
Change Dir: /home/salvo/Documenti/Tesi/CNN_model/export_C_int16/CMakeFiles/CMakeTmp

Run Build Command(s):/usr/bin/gmake -f Makefile cmTC_c45b1/fast && /usr/bin/gmake  -f CMakeFiles/cmTC_c45b1.dir/build.make CMakeFiles/cmTC_c45b1.dir/build
gmake[1]: ingresso nella directory «/home/salvo/Documenti/Tesi/CNN_model/export_C_int16/CMakeFiles/CMakeTmp»
Building CXX object CMakeFiles/cmTC_c45b1.dir/OpenMPTryFlag.cpp.o
/usr/bin/clang++   -fopenmp=libomp -v -fcolor-diagnostics -MD -MT CMakeFiles/cmTC_c45b1.dir/OpenMPTryFlag.cpp.o -MF CMakeFiles/cmTC_c45b1.dir/OpenMPTryFlag.cpp.o.d -o CMakeFiles/cmTC_c45b1.dir/OpenMPTryFlag.cpp.o -c /home/salvo/Documenti/Tesi/CNN_model/export_C_int16/CMakeFiles/FindOpenMP/OpenMPTryFlag.cpp
clang version 15.0.4 (Fedora 15.0.4-1.fc37)
Target: x86_64-redhat-linux-gnu
Thread model: posix
InstalledDir: /usr/bin
Found candidate GCC installation: /usr/bin/../lib/gcc/x86_64-redhat-linux/12
Selected GCC installation: /usr/bin/../lib/gcc/x86_64-redhat-linux/12
Candidate multilib: .;@m64
Candidate multilib: 32;@m32
Selected multilib: .;@m64
 (in-process)
 "/usr/bin/clang-15" -cc1 -triple x86_64-redhat-linux-gnu -emit-obj -mrelax-all --mrelax-relocations -disable-free -clear-ast-before-backend -disable-llvm-verifier -discard-value-names -main-file-name OpenMPTryFlag.cpp -mrelocation-model static -mframe-pointer=all -fmath-errno -ffp-contract=on -fno-rounding-math -mconstructor-aliases -funwind-tables=2 -target-cpu x86-64 -tune-cpu generic -mllvm -treat-scalable-fixed-error-as-warning -debugger-tuning=gdb -v -fcoverage-compilation-dir=/home/salvo/Documenti/Tesi/CNN_model/export_C_int16/CMakeFiles/CMakeTmp -resource-dir /usr/lib64/clang/15.0.4 -dependency-file CMakeFiles/cmTC_c45b1.dir/OpenMPTryFlag.cpp.o.d -MT CMakeFiles/cmTC_c45b1.dir/OpenMPTryFlag.cpp.o -sys-header-deps -internal-isystem /usr/bin/../lib/gcc/x86_64-redhat-linux/12/../../../../include/c++/12 -internal-isystem /usr/bin/../lib/gcc/x86_64-redhat-linux/12/../../../../include/c++/12/x86_64-redhat-linux -internal-isystem /usr/bin/../lib/gcc/x86_64-redhat-linux/12/../../../../include/c++/12/backward -internal-isystem /usr/lib64/clang/15.0.4/include -internal-isystem /usr/local/include -internal-isystem /usr/bin/../lib/gcc/x86_64-redhat-linux/12/../../../../x86_64-redhat-linux/include -internal-externc-isystem /include -internal-externc-isystem /usr/include -fdeprecated-macro -fdebug-compilation-dir=/home/salvo/Documenti/Tesi/CNN_model/export_C_int16/CMakeFiles/CMakeTmp -ferror-limit 19 -fopenmp -fgnuc-version=4.2.1 -fcxx-exceptions -fexceptions -fcolor-diagnostics -faddrsig -D__GCC_HAVE_DWARF2_CFI_ASM=1 -o CMakeFiles/cmTC_c45b1.dir/OpenMPTryFlag.cpp.o -x c++ /home/salvo/Documenti/Tesi/CNN_model/export_C_int16/CMakeFiles/FindOpenMP/OpenMPTryFlag.cpp
clang -cc1 version 15.0.4 based upon LLVM 15.0.4 default target x86_64-redhat-linux-gnu
ignoring nonexistent directory "/usr/bin/../lib/gcc/x86_64-redhat-linux/12/../../../../x86_64-redhat-linux/include"
ignoring nonexistent directory "/include"
#include "..." search starts here:
#include <...> search starts here:
 /usr/bin/../lib/gcc/x86_64-redhat-linux/12/../../../../include/c++/12
 /usr/bin/../lib/gcc/x86_64-redhat-linux/12/../../../../include/c++/12/x86_64-redhat-linux
 /usr/bin/../lib/gcc/x86_64-redhat-linux/12/../../../../include/c++/12/backward
 /usr/lib64/clang/15.0.4/include
 /usr/local/include
 /usr/include
End of search list.
Linking CXX executable cmTC_c45b1
/usr/bin/cmake -E cmake_link_script CMakeFiles/cmTC_c45b1.dir/link.txt --verbose=1
/usr/bin/clang++  -fopenmp=libomp -v -rdynamic CMakeFiles/cmTC_c45b1.dir/OpenMPTryFlag.cpp.o -o cmTC_c45b1  -v 
clang version 15.0.4 (Fedora 15.0.4-1.fc37)
Target: x86_64-redhat-linux-gnu
Thread model: posix
InstalledDir: /usr/bin
Found candidate GCC installation: /usr/bin/../lib/gcc/x86_64-redhat-linux/12
Selected GCC installation: /usr/bin/../lib/gcc/x86_64-redhat-linux/12
Candidate multilib: .;@m64
Candidate multilib: 32;@m32
Selected multilib: .;@m64
 "/usr/bin/ld" -export-dynamic --hash-style=gnu --build-id --eh-frame-hdr -m elf_x86_64 -export-dynamic -dynamic-linker /lib64/ld-linux-x86-64.so.2 -o cmTC_c45b1 /usr/bin/../lib/gcc/x86_64-redhat-linux/12/../../../../lib64/crt1.o /usr/bin/../lib/gcc/x86_64-redhat-linux/12/../../../../lib64/crti.o /usr/bin/../lib/gcc/x86_64-redhat-linux/12/crtbegin.o -L/usr/bin/../lib/gcc/x86_64-redhat-linux/12 -L/usr/bin/../lib/gcc/x86_64-redhat-linux/12/../../../../lib64 -L/lib/../lib64 -L/usr/lib/../lib64 -L/lib -L/usr/lib CMakeFiles/cmTC_c45b1.dir/OpenMPTryFlag.cpp.o -lstdc++ -lm -lomp -rpath /usr/lib64 -L/usr/lib64 -lgcc_s -lgcc -lpthread -lc -lgcc_s -lgcc /usr/bin/../lib/gcc/x86_64-redhat-linux/12/crtend.o /usr/bin/../lib/gcc/x86_64-redhat-linux/12/../../../../lib64/crtn.o
gmake[1]: uscita dalla directory «/home/salvo/Documenti/Tesi/CNN_model/export_C_int16/CMakeFiles/CMakeTmp»



Parsed CXX OpenMP implicit link information from above output:
  link line regex: [^( *|.*[/\])(ld|CMAKE_LINK_STARTFILE-NOTFOUND|([^/\]+-)?ld|collect2)[^/\]*( |$)]
  ignore line: [Change Dir: /home/salvo/Documenti/Tesi/CNN_model/export_C_int16/CMakeFiles/CMakeTmp]
  ignore line: []
  ignore line: [Run Build Command(s):/usr/bin/gmake -f Makefile cmTC_c45b1/fast && /usr/bin/gmake  -f CMakeFiles/cmTC_c45b1.dir/build.make CMakeFiles/cmTC_c45b1.dir/build]
  ignore line: [gmake[1]: ingresso nella directory «/home/salvo/Documenti/Tesi/CNN_model/export_C_int16/CMakeFiles/CMakeTmp»]
  ignore line: [Building CXX object CMakeFiles/cmTC_c45b1.dir/OpenMPTryFlag.cpp.o]
  ignore line: [/usr/bin/clang++   -fopenmp=libomp -v -fcolor-diagnostics -MD -MT CMakeFiles/cmTC_c45b1.dir/OpenMPTryFlag.cpp.o -MF CMakeFiles/cmTC_c45b1.dir/OpenMPTryFlag.cpp.o.d -o CMakeFiles/cmTC_c45b1.dir/OpenMPTryFlag.cpp.o -c /home/salvo/Documenti/Tesi/CNN_model/export_C_int16/CMakeFiles/FindOpenMP/OpenMPTryFlag.cpp]
  ignore line: [clang version 15.0.4 (Fedora 15.0.4-1.fc37)]
  ignore line: [Target: x86_64-redhat-linux-gnu]
  ignore line: [Thread model: posix]
  ignore line: [InstalledDir: /usr/bin]
  ignore line: [Found candidate GCC installation: /usr/bin/../lib/gcc/x86_64-redhat-linux/12]
  ignore line: [Selected GCC installation: /usr/bin/../lib/gcc/x86_64-redhat-linux/12]
  ignore line: [Candidate multilib: .]
  ignore line: [@m64]
  ignore line: [Candidate multilib: 32]
  ignore line: [@m32]
  ignore line: [Selected multilib: .]
  ignore line: [@m64]
  ignore line: [ (in-process)]
  ignore line: [ "/usr/bin/clang-15" -cc1 -triple x86_64-redhat-linux-gnu -emit-obj -mrelax-all --mrelax-relocations -disable-free -clear-ast-before-backend -disable-llvm-verifier -discard-value-names -main-file-name OpenMPTryFlag.cpp -mrelocation-model static -mframe-pointer=all -fmath-errno -ffp-contract=on -fno-rounding-math -mconstructor-aliases -funwind-tables=2 -target-cpu x86-64 -tune-cpu generic -mllvm -treat-scalable-fixed-error-as-warning -debugger-tuning=gdb -v -fcoverage-compilation-dir=/home/salvo/Documenti/Tesi/CNN_model/export_C_int16/CMakeFiles/CMakeTmp -resource-dir /usr/lib64/clang/15.0.4 -dependency-file CMakeFiles/cmTC_c45b1.dir/OpenMPTryFlag.cpp.o.d -MT CMakeFiles/cmTC_c45b1.dir/OpenMPTryFlag.cpp.o -sys-header-deps -internal-isystem /usr/bin/../lib/gcc/x86_64-redhat-linux/12/../../../../include/c++/12 -internal-isystem /usr/bin/../lib/gcc/x86_64-redhat-linux/12/../../../../include/c++/12/x86_64-redhat-linux -internal-isystem /usr/bin/../lib/gcc/x86_64-redhat-linux/12/../../../../include/c++/12/backward -internal-isystem /usr/lib64/clang/15.0.4/include -internal-isystem /usr/local/include -internal-isystem /usr/bin/../lib/gcc/x86_64-redhat-linux/12/../../../../x86_64-redhat-linux/include -internal-externc-isystem /include -internal-externc-isystem /usr/include -fdeprecated-macro -fdebug-compilation-dir=/home/salvo/Documenti/Tesi/CNN_model/export_C_int16/CMakeFiles/CMakeTmp -ferror-limit 19 -fopenmp -fgnuc-version=4.2.1 -fcxx-exceptions -fexceptions -fcolor-diagnostics -faddrsig -D__GCC_HAVE_DWARF2_CFI_ASM=1 -o CMakeFiles/cmTC_c45b1.dir/OpenMPTryFlag.cpp.o -x c++ /home/salvo/Documenti/Tesi/CNN_model/export_C_int16/CMakeFiles/FindOpenMP/OpenMPTryFlag.cpp]
  ignore line: [clang -cc1 version 15.0.4 based upon LLVM 15.0.4 default target x86_64-redhat-linux-gnu]
  ignore line: [ignoring nonexistent directory "/usr/bin/../lib/gcc/x86_64-redhat-linux/12/../../../../x86_64-redhat-linux/include"]
  ignore line: [ignoring nonexistent directory "/include"]
  ignore line: [#include "..." search starts here:]
  ignore line: [#include <...> search starts here:]
  ignore line: [ /usr/bin/../lib/gcc/x86_64-redhat-linux/12/../../../../include/c++/12]
  ignore line: [ /usr/bin/../lib/gcc/x86_64-redhat-linux/12/../../../../include/c++/12/x86_64-redhat-linux]
  ignore line: [ /usr/bin/../lib/gcc/x86_64-redhat-linux/12/../../../../include/c++/12/backward]
  ignore line: [ /usr/lib64/clang/15.0.4/include]
  ignore line: [ /usr/local/include]
  ignore line: [ /usr/include]
  ignore line: [End of search list.]
  ignore line: [Linking CXX executable cmTC_c45b1]
  ignore line: [/usr/bin/cmake -E cmake_link_script CMakeFiles/cmTC_c45b1.dir/link.txt --verbose=1]
  ignore line: [/usr/bin/clang++  -fopenmp=libomp -v -rdynamic CMakeFiles/cmTC_c45b1.dir/OpenMPTryFlag.cpp.o -o cmTC_c45b1  -v ]
  ignore line: [clang version 15.0.4 (Fedora 15.0.4-1.fc37)]
  ignore line: [Target: x86_64-redhat-linux-gnu]
  ignore line: [Thread model: posix]
  ignore line: [InstalledDir: /usr/bin]
  ignore line: [Found candidate GCC installation: /usr/bin/../lib/gcc/x86_64-redhat-linux/12]
  ignore line: [Selected GCC installation: /usr/bin/../lib/gcc/x86_64-redhat-linux/12]
  ignore line: [Candidate multilib: .]
  ignore line: [@m64]
  ignore line: [Candidate multilib: 32]
  ignore line: [@m32]
  ignore line: [Selected multilib: .]
  ignore line: [@m64]
  link line: [ "/usr/bin/ld" -export-dynamic --hash-style=gnu --build-id --eh-frame-hdr -m elf_x86_64 -export-dynamic -dynamic-linker /lib64/ld-linux-x86-64.so.2 -o cmTC_c45b1 /usr/bin/../lib/gcc/x86_64-redhat-linux/12/../../../../lib64/crt1.o /usr/bin/../lib/gcc/x86_64-redhat-linux/12/../../../../lib64/crti.o /usr/bin/../lib/gcc/x86_64-redhat-linux/12/crtbegin.o -L/usr/bin/../lib/gcc/x86_64-redhat-linux/12 -L/usr/bin/../lib/gcc/x86_64-redhat-linux/12/../../../../lib64 -L/lib/../lib64 -L/usr/lib/../lib64 -L/lib -L/usr/lib CMakeFiles/cmTC_c45b1.dir/OpenMPTryFlag.cpp.o -lstdc++ -lm -lomp -rpath /usr/lib64 -L/usr/lib64 -lgcc_s -lgcc -lpthread -lc -lgcc_s -lgcc /usr/bin/../lib/gcc/x86_64-redhat-linux/12/crtend.o /usr/bin/../lib/gcc/x86_64-redhat-linux/12/../../../../lib64/crtn.o]
    arg [/usr/bin/ld] ==> ignore
    arg [-export-dynamic] ==> ignore
    arg [--hash-style=gnu] ==> ignore
    arg [--build-id] ==> ignore
    arg [--eh-frame-hdr] ==> ignore
    arg [-m] ==> ignore
    arg [elf_x86_64] ==> ignore
    arg [-export-dynamic] ==> ignore
    arg [-dynamic-linker] ==> ignore
    arg [/lib64/ld-linux-x86-64.so.2] ==> ignore
    arg [-o] ==> ignore
    arg [cmTC_c45b1] ==> ignore
    arg [-L/usr/bin/../lib/gcc/x86_64-redhat-linux/12] ==> dir [/usr/bin/../lib/gcc/x86_64-redhat-linux/12]
    arg [-L/usr/bin/../lib/gcc/x86_64-redhat-linux/12/../../../../lib64] ==> dir [/usr/bin/../lib/gcc/x86_64-redhat-linux/12/../../../../lib64]
    arg [-L/lib/../lib64] ==> dir [/lib/../lib64]
    arg [-L/usr/lib/../lib64] ==> dir [/usr/lib/../lib64]
    arg [-L/lib] ==> dir [/lib]
    arg [-L/usr/lib] ==> dir [/usr/lib]
    arg [CMakeFiles/cmTC_c45b1.dir/OpenMPTryFlag.cpp.o] ==> ignore
    arg [-lstdc++] ==> lib [stdc++]
    arg [-lm] ==> lib [m]
    arg [-lomp] ==> lib [omp]
    arg [-rpath] ==> ignore
    arg [/usr/lib64] ==> ignore
    arg [-L/usr/lib64] ==> dir [/usr/lib64]
    arg [-lgcc_s] ==> lib [gcc_s]
    arg [-lgcc] ==> lib [gcc]
    arg [-lpthread] ==> lib [pthread]
    arg [-lc] ==> lib [c]
    arg [-lgcc_s] ==> lib [gcc_s]
    arg [-lgcc] ==> lib [gcc]
  collapse library dir [/usr/bin/../lib/gcc/x86_64-redhat-linux/12] ==> [/usr/lib/gcc/x86_64-redhat-linux/12]
  collapse library dir [/usr/bin/../lib/gcc/x86_64-redhat-linux/12/../../../../lib64] ==> [/usr/lib64]
  collapse library dir [/lib/../lib64] ==> [/lib64]
  collapse library dir [/usr/lib/../lib64] ==> [/usr/lib64]
  collapse library dir [/lib] ==> [/lib]
  collapse library dir [/usr/lib] ==> [/usr/lib]
  collapse library dir [/usr/lib64] ==> [/usr/lib64]
  implicit libs: [stdc++;m;omp;gcc_s;gcc;pthread;c;gcc_s;gcc]
  implicit objs: []
  implicit dirs: [/usr/lib/gcc/x86_64-redhat-linux/12;/usr/lib64;/lib64;/lib;/usr/lib]
  implicit fwks: []


The system is: Linux - 6.0.11-300.fc37.x86_64 - x86_64
Compiling the C compiler identification source file "CMakeCCompilerId.c" succeeded.
Compiler: /usr/bin/clang 
Build flags: 
Id flags:  

The output was:
0


Compilation of the C compiler identification source "CMakeCCompilerId.c" produced "a.out"

The C compiler identification is Clang, found in "/home/salvo/Documenti/Tesi/CNN_model/export_C_int16/CMakeFiles/3.25.1/CompilerIdC/a.out"

Compiling the CXX compiler identification source file "CMakeCXXCompilerId.cpp" succeeded.
Compiler: /usr/bin/clang++ 
Build flags: 
Id flags:  

The output was:
0


Compilation of the CXX compiler identification source "CMakeCXXCompilerId.cpp" produced "a.out"

The CXX compiler identification is Clang, found in "/home/salvo/Documenti/Tesi/CNN_model/export_C_int16/CMakeFiles/3.25.1/CompilerIdCXX/a.out"

Detecting C compiler ABI info compiled with the following output:
Change Dir: /home/salvo/Documenti/Tesi/CNN_model/export_C_int16/CMakeFiles/CMakeScratch/TryCompile-SY3XTg

Run Build Command(s):make -f Makefile cmTC_4fb38/fast && make  -f CMakeFiles/cmTC_4fb38.dir/build.make CMakeFiles/cmTC_4fb38.dir/build
make[1]: Entering directory '/home/salvo/Documenti/Tesi/CNN_model/export_C_int16/CMakeFiles/CMakeScratch/TryCompile-SY3XTg'
Building C object CMakeFiles/cmTC_4fb38.dir/CMakeCCompilerABI.c.o
/usr/bin/clang   -fcolor-diagnostics   -v -MD -MT CMakeFiles/cmTC_4fb38.dir/CMakeCCompilerABI.c.o -MF CMakeFiles/cmTC_4fb38.dir/CMakeCCompilerABI.c.o.d -o CMakeFiles/cmTC_4fb38.dir/CMakeCCompilerABI.c.o -c /usr/share/cmake/Modules/CMakeCCompilerABI.c
clang version 15.0.4 (Fedora 15.0.4-1.fc37)
Target: x86_64-redhat-linux-gnu
Thread model: posix
InstalledDir: /usr/bin
Found candidate GCC installation: /usr/bin/../lib/gcc/x86_64-redhat-linux/12
Selected GCC installation: /usr/bin/../lib/gcc/x86_64-redhat-linux/12
Candidate multilib: .;@m64
Candidate multilib: 32;@m32
Selected multilib: .;@m64
 (in-process)
 "/usr/bin/clang-15" -cc1 -triple x86_64-redhat-linux-gnu -emit-obj -mrelax-all --mrelax-relocations -disable-free -clear-ast-before-backend -disable-llvm-verifier -discard-value-names -main-file-name CMakeCCompilerABI.c -mrelocation-model static -mframe-pointer=all -fmath-errno -ffp-contract=on -fno-rounding-math -mconstructor-aliases -funwind-tables=2 -target-cpu x86-64 -tune-cpu generic -mllvm -treat-scalable-fixed-error-as-warning -debugger-tuning=gdb -v -fcoverage-compilation-dir=/home/salvo/Documenti/Tesi/CNN_model/export_C_int16/CMakeFiles/CMakeScratch/TryCompile-SY3XTg -resource-dir /usr/lib64/clang/15.0.4 -dependency-file CMakeFiles/cmTC_4fb38.dir/CMakeCCompilerABI.c.o.d -MT CMakeFiles/cmTC_4fb38.dir/CMakeCCompilerABI.c.o -sys-header-deps -internal-isystem /usr/lib64/clang/15.0.4/include -internal-isystem /usr/local/include -internal-isystem /usr/bin/../lib/gcc/x86_64-redhat-linux/12/../../../../x86_64-redhat-linux/include -internal-externc-isystem /include -internal-externc-isystem /usr/include -fdebug-compilation-dir=/home/salvo/Documenti/Tesi/CNN_model/export_C_int16/CMakeFiles/CMakeScratch/TryCompile-SY3XTg -ferror-limit 19 -fgnuc-version=4.2.1 -fcolor-diagnostics -faddrsig -D__GCC_HAVE_DWARF2_CFI_ASM=1 -o CMakeFiles/cmTC_4fb38.dir/CMakeCCompilerABI.c.o -x c /usr/share/cmake/Modules/CMakeCCompilerABI.c
clang -cc1 version 15.0.4 based upon LLVM 15.0.4 default target x86_64-redhat-linux-gnu
ignoring nonexistent directory "/usr/bin/../lib/gcc/x86_64-redhat-linux/12/../../../../x86_64-redhat-linux/include"
ignoring nonexistent directory "/include"
#include "..." search starts here:
#include <...> search starts here:
 /usr/lib64/clang/15.0.4/include
 /usr/local/include
 /usr/include
End of search list.
Linking C executable cmTC_4fb38
/usr/bin/cmake -E cmake_link_script CMakeFiles/cmTC_4fb38.dir/link.txt --verbose=1
/usr/bin/clang  -v -rdynamic CMakeFiles/cmTC_4fb38.dir/CMakeCCompilerABI.c.o -o cmTC_4fb38 
clang version 15.0.4 (Fedora 15.0.4-1.fc37)
Target: x86_64-redhat-linux-gnu
Thread model: posix
InstalledDir: /usr/bin
Found candidate GCC installation: /usr/bin/../lib/gcc/x86_64-redhat-linux/12
Selected GCC installation: /usr/bin/../lib/gcc/x86_64-redhat-linux/12
Candidate multilib: .;@m64
Candidate multilib: 32;@m32
Selected multilib: .;@m64
 "/usr/bin/ld" -export-dynamic --hash-style=gnu --build-id --eh-frame-hdr -m elf_x86_64 -export-dynamic -dynamic-linker /lib64/ld-linux-x86-64.so.2 -o cmTC_4fb38 /usr/bin/../lib/gcc/x86_64-redhat-linux/12/../../../../lib64/crt1.o /usr/bin/../lib/gcc/x86_64-redhat-linux/12/../../../../lib64/crti.o /usr/bin/../lib/gcc/x86_64-redhat-linux/12/crtbegin.o -L/usr/bin/../lib/gcc/x86_64-redhat-linux/12 -L/usr/bin/../lib/gcc/x86_64-redhat-linux/12/../../../../lib64 -L/lib/../lib64 -L/usr/lib/../lib64 -L/lib -L/usr/lib CMakeFiles/cmTC_4fb38.dir/CMakeCCompilerABI.c.o -lgcc --as-needed -lgcc_s --no-as-needed -lc -lgcc --as-needed -lgcc_s --no-as-needed /usr/bin/../lib/gcc/x86_64-redhat-linux/12/crtend.o /usr/bin/../lib/gcc/x86_64-redhat-linux/12/../../../../lib64/crtn.o
make[1]: Leaving directory '/home/salvo/Documenti/Tesi/CNN_model/export_C_int16/CMakeFiles/CMakeScratch/TryCompile-SY3XTg'



Parsed C implicit include dir info from above output: rv=done
  found start of include info
  found start of implicit include info
    add: [/usr/lib64/clang/15.0.4/include]
    add: [/usr/local/include]
    add: [/usr/include]
  end of search list found
  collapse include dir [/usr/lib64/clang/15.0.4/include] ==> [/usr/lib64/clang/15.0.4/include]
  collapse include dir [/usr/local/include] ==> [/usr/local/include]
  collapse include dir [/usr/include] ==> [/usr/include]
  implicit include dirs: [/usr/lib64/clang/15.0.4/include;/usr/local/include;/usr/include]


Parsed C implicit link information from above output:
  link line regex: [^( *|.*[/\])(ld|CMAKE_LINK_STARTFILE-NOTFOUND|([^/\]+-)?ld|collect2)[^/\]*( |$)]
  ignore line: [Change Dir: /home/salvo/Documenti/Tesi/CNN_model/export_C_int16/CMakeFiles/CMakeScratch/TryCompile-SY3XTg]
  ignore line: []
  ignore line: [Run Build Command(s):make -f Makefile cmTC_4fb38/fast && make  -f CMakeFiles/cmTC_4fb38.dir/build.make CMakeFiles/cmTC_4fb38.dir/build]
  ignore line: [make[1]: Entering directory '/home/salvo/Documenti/Tesi/CNN_model/export_C_int16/CMakeFiles/CMakeScratch/TryCompile-SY3XTg']
  ignore line: [Building C object CMakeFiles/cmTC_4fb38.dir/CMakeCCompilerABI.c.o]
  ignore line: [/usr/bin/clang   -fcolor-diagnostics   -v -MD -MT CMakeFiles/cmTC_4fb38.dir/CMakeCCompilerABI.c.o -MF CMakeFiles/cmTC_4fb38.dir/CMakeCCompilerABI.c.o.d -o CMakeFiles/cmTC_4fb38.dir/CMakeCCompilerABI.c.o -c /usr/share/cmake/Modules/CMakeCCompilerABI.c]
  ignore line: [clang version 15.0.4 (Fedora 15.0.4-1.fc37)]
  ignore line: [Target: x86_64-redhat-linux-gnu]
  ignore line: [Thread model: posix]
  ignore line: [InstalledDir: /usr/bin]
  ignore line: [Found candidate GCC installation: /usr/bin/../lib/gcc/x86_64-redhat-linux/12]
  ignore line: [Selected GCC installation: /usr/bin/../lib/gcc/x86_64-redhat-linux/12]
  ignore line: [Candidate multilib: .]
  ignore line: [@m64]
  ignore line: [Candidate multilib: 32]
  ignore line: [@m32]
  ignore line: [Selected multilib: .]
  ignore line: [@m64]
  ignore line: [ (in-process)]
  ignore line: [ "/usr/bin/clang-15" -cc1 -triple x86_64-redhat-linux-gnu -emit-obj -mrelax-all --mrelax-relocations -disable-free -clear-ast-before-backend -disable-llvm-verifier -discard-value-names -main-file-name CMakeCCompilerABI.c -mrelocation-model static -mframe-pointer=all -fmath-errno -ffp-contract=on -fno-rounding-math -mconstructor-aliases -funwind-tables=2 -target-cpu x86-64 -tune-cpu generic -mllvm -treat-scalable-fixed-error-as-warning -debugger-tuning=gdb -v -fcoverage-compilation-dir=/home/salvo/Documenti/Tesi/CNN_model/export_C_int16/CMakeFiles/CMakeScratch/TryCompile-SY3XTg -resource-dir /usr/lib64/clang/15.0.4 -dependency-file CMakeFiles/cmTC_4fb38.dir/CMakeCCompilerABI.c.o.d -MT CMakeFiles/cmTC_4fb38.dir/CMakeCCompilerABI.c.o -sys-header-deps -internal-isystem /usr/lib64/clang/15.0.4/include -internal-isystem /usr/local/include -internal-isystem /usr/bin/../lib/gcc/x86_64-redhat-linux/12/../../../../x86_64-redhat-linux/include -internal-externc-isystem /include -internal-externc-isystem /usr/include -fdebug-compilation-dir=/home/salvo/Documenti/Tesi/CNN_model/export_C_int16/CMakeFiles/CMakeScratch/TryCompile-SY3XTg -ferror-limit 19 -fgnuc-version=4.2.1 -fcolor-diagnostics -faddrsig -D__GCC_HAVE_DWARF2_CFI_ASM=1 -o CMakeFiles/cmTC_4fb38.dir/CMakeCCompilerABI.c.o -x c /usr/share/cmake/Modules/CMakeCCompilerABI.c]
  ignore line: [clang -cc1 version 15.0.4 based upon LLVM 15.0.4 default target x86_64-redhat-linux-gnu]
  ignore line: [ignoring nonexistent directory "/usr/bin/../lib/gcc/x86_64-redhat-linux/12/../../../../x86_64-redhat-linux/include"]
  ignore line: [ignoring nonexistent directory "/include"]
  ignore line: [#include "..." search starts here:]
  ignore line: [#include <...> search starts here:]
  ignore line: [ /usr/lib64/clang/15.0.4/include]
  ignore line: [ /usr/local/include]
  ignore line: [ /usr/include]
  ignore line: [End of search list.]
  ignore line: [Linking C executable cmTC_4fb38]
  ignore line: [/usr/bin/cmake -E cmake_link_script CMakeFiles/cmTC_4fb38.dir/link.txt --verbose=1]
  ignore line: [/usr/bin/clang  -v -rdynamic CMakeFiles/cmTC_4fb38.dir/CMakeCCompilerABI.c.o -o cmTC_4fb38 ]
  ignore line: [clang version 15.0.4 (Fedora 15.0.4-1.fc37)]
  ignore line: [Target: x86_64-redhat-linux-gnu]
  ignore line: [Thread model: posix]
  ignore line: [InstalledDir: /usr/bin]
  ignore line: [Found candidate GCC installation: /usr/bin/../lib/gcc/x86_64-redhat-linux/12]
  ignore line: [Selected GCC installation: /usr/bin/../lib/gcc/x86_64-redhat-linux/12]
  ignore line: [Candidate multilib: .]
  ignore line: [@m64]
  ignore line: [Candidate multilib: 32]
  ignore line: [@m32]
  ignore line: [Selected multilib: .]
  ignore line: [@m64]
  link line: [ "/usr/bin/ld" -export-dynamic --hash-style=gnu --build-id --eh-frame-hdr -m elf_x86_64 -export-dynamic -dynamic-linker /lib64/ld-linux-x86-64.so.2 -o cmTC_4fb38 /usr/bin/../lib/gcc/x86_64-redhat-linux/12/../../../../lib64/crt1.o /usr/bin/../lib/gcc/x86_64-redhat-linux/12/../../../../lib64/crti.o /usr/bin/../lib/gcc/x86_64-redhat-linux/12/crtbegin.o -L/usr/bin/../lib/gcc/x86_64-redhat-linux/12 -L/usr/bin/../lib/gcc/x86_64-redhat-linux/12/../../../../lib64 -L/lib/../lib64 -L/usr/lib/../lib64 -L/lib -L/usr/lib CMakeFiles/cmTC_4fb38.dir/CMakeCCompilerABI.c.o -lgcc --as-needed -lgcc_s --no-as-needed -lc -lgcc --as-needed -lgcc_s --no-as-needed /usr/bin/../lib/gcc/x86_64-redhat-linux/12/crtend.o /usr/bin/../lib/gcc/x86_64-redhat-linux/12/../../../../lib64/crtn.o]
    arg [/usr/bin/ld] ==> ignore
    arg [-export-dynamic] ==> ignore
    arg [--hash-style=gnu] ==> ignore
    arg [--build-id] ==> ignore
    arg [--eh-frame-hdr] ==> ignore
    arg [-m] ==> ignore
    arg [elf_x86_64] ==> ignore
    arg [-export-dynamic] ==> ignore
    arg [-dynamic-linker] ==> ignore
    arg [/lib64/ld-linux-x86-64.so.2] ==> ignore
    arg [-o] ==> ignore
    arg [cmTC_4fb38] ==> ignore
    arg [/usr/bin/../lib/gcc/x86_64-redhat-linux/12/../../../../lib64/crt1.o] ==> obj [/usr/bin/../lib/gcc/x86_64-redhat-linux/12/../../../../lib64/crt1.o]
    arg [/usr/bin/../lib/gcc/x86_64-redhat-linux/12/../../../../lib64/crti.o] ==> obj [/usr/bin/../lib/gcc/x86_64-redhat-linux/12/../../../../lib64/crti.o]
    arg [/usr/bin/../lib/gcc/x86_64-redhat-linux/12/crtbegin.o] ==> obj [/usr/bin/../lib/gcc/x86_64-redhat-linux/12/crtbegin.o]
    arg [-L/usr/bin/../lib/gcc/x86_64-redhat-linux/12] ==> dir [/usr/bin/../lib/gcc/x86_64-redhat-linux/12]
    arg [-L/usr/bin/../lib/gcc/x86_64-redhat-linux/12/../../../../lib64] ==> dir [/usr/bin/../lib/gcc/x86_64-redhat-linux/12/../../../../lib64]
    arg [-L/lib/../lib64] ==> dir [/lib/../lib64]
    arg [-L/usr/lib/../lib64] ==> dir [/usr/lib/../lib64]
    arg [-L/lib] ==> dir [/lib]
    arg [-L/usr/lib] ==> dir [/usr/lib]
    arg [CMakeFiles/cmTC_4fb38.dir/CMakeCCompilerABI.c.o] ==> ignore
    arg [-lgcc] ==> lib [gcc]
    arg [--as-needed] ==> ignore
    arg [-lgcc_s] ==> lib [gcc_s]
    arg [--no-as-needed] ==> ignore
    arg [-lc] ==> lib [c]
    arg [-lgcc] ==> lib [gcc]
    arg [--as-needed] ==> ignore
    arg [-lgcc_s] ==> lib [gcc_s]
    arg [--no-as-needed] ==> ignore
    arg [/usr/bin/../lib/gcc/x86_64-redhat-linux/12/crtend.o] ==> obj [/usr/bin/../lib/gcc/x86_64-redhat-linux/12/crtend.o]
    arg [/usr/bin/../lib/gcc/x86_64-redhat-linux/12/../../../../lib64/crtn.o] ==> obj [/usr/bin/../lib/gcc/x86_64-redhat-linux/12/../../../../lib64/crtn.o]
  collapse obj [/usr/bin/../lib/gcc/x86_64-redhat-linux/12/../../../../lib64/crt1.o] ==> [/usr/lib64/crt1.o]
  collapse obj [/usr/bin/../lib/gcc/x86_64-redhat-linux/12/../../../../lib64/crti.o] ==> [/usr/lib64/crti.o]
  collapse obj [/usr/bin/../lib/gcc/x86_64-redhat-linux/12/crtbegin.o] ==> [/usr/lib/gcc/x86_64-redhat-linux/12/crtbegin.o]
  collapse obj [/usr/bin/../lib/gcc/x86_64-redhat-linux/12/crtend.o] ==> [/usr/lib/gcc/x86_64-redhat-linux/12/crtend.o]
  collapse obj [/usr/bin/../lib/gcc/x86_64-redhat-linux/12/../../../../lib64/crtn.o] ==> [/usr/lib64/crtn.o]
  collapse library dir [/usr/bin/../lib/gcc/x86_64-redhat-linux/12] ==> [/usr/lib/gcc/x86_64-redhat-linux/12]
  collapse library dir [/usr/bin/../lib/gcc/x86_64-redhat-linux/12/../../../../lib64] ==> [/usr/lib64]
  collapse library dir [/lib/../lib64] ==> [/lib64]
  collapse library dir [/usr/lib/../lib64] ==> [/usr/lib64]
  collapse library dir [/lib] ==> [/lib]
  collapse library dir [/usr/lib] ==> [/usr/lib]
  implicit libs: [gcc;gcc_s;c;gcc;gcc_s]
  implicit objs: [/usr/lib64/crt1.o;/usr/lib64/crti.o;/usr/lib/gcc/x86_64-redhat-linux/12/crtbegin.o;/usr/lib/gcc/x86_64-redhat-linux/12/crtend.o;/usr/lib64/crtn.o]
  implicit dirs: [/usr/lib/gcc/x86_64-redhat-linux/12;/usr/lib64;/lib64;/lib;/usr/lib]
  implicit fwks: []


Detecting CXX compiler ABI info compiled with the following output:
Change Dir: /home/salvo/Documenti/Tesi/CNN_model/export_C_int16/CMakeFiles/CMakeScratch/TryCompile-8Pxi6R

Run Build Command(s):make -f Makefile cmTC_6007e/fast && make  -f CMakeFiles/cmTC_6007e.dir/build.make CMakeFiles/cmTC_6007e.dir/build
make[1]: Entering directory '/home/salvo/Documenti/Tesi/CNN_model/export_C_int16/CMakeFiles/CMakeScratch/TryCompile-8Pxi6R'
Building CXX object CMakeFiles/cmTC_6007e.dir/CMakeCXXCompilerABI.cpp.o
/usr/bin/clang++   -fcolor-diagnostics   -v -MD -MT CMakeFiles/cmTC_6007e.dir/CMakeCXXCompilerABI.cpp.o -MF CMakeFiles/cmTC_6007e.dir/CMakeCXXCompilerABI.cpp.o.d -o CMakeFiles/cmTC_6007e.dir/CMakeCXXCompilerABI.cpp.o -c /usr/share/cmake/Modules/CMakeCXXCompilerABI.cpp
clang version 15.0.4 (Fedora 15.0.4-1.fc37)
Target: x86_64-redhat-linux-gnu
Thread model: posix
InstalledDir: /usr/bin
Found candidate GCC installation: /usr/bin/../lib/gcc/x86_64-redhat-linux/12
Selected GCC installation: /usr/bin/../lib/gcc/x86_64-redhat-linux/12
Candidate multilib: .;@m64
Candidate multilib: 32;@m32
Selected multilib: .;@m64
 (in-process)
 "/usr/bin/clang-15" -cc1 -triple x86_64-redhat-linux-gnu -emit-obj -mrelax-all --mrelax-relocations -disable-free -clear-ast-before-backend -disable-llvm-verifier -discard-value-names -main-file-name CMakeCXXCompilerABI.cpp -mrelocation-model static -mframe-pointer=all -fmath-errno -ffp-contract=on -fno-rounding-math -mconstructor-aliases -funwind-tables=2 -target-cpu x86-64 -tune-cpu generic -mllvm -treat-scalable-fixed-error-as-warning -debugger-tuning=gdb -v -fcoverage-compilation-dir=/home/salvo/Documenti/Tesi/CNN_model/export_C_int16/CMakeFiles/CMakeScratch/TryCompile-8Pxi6R -resource-dir /usr/lib64/clang/15.0.4 -dependency-file CMakeFiles/cmTC_6007e.dir/CMakeCXXCompilerABI.cpp.o.d -MT CMakeFiles/cmTC_6007e.dir/CMakeCXXCompilerABI.cpp.o -sys-header-deps -internal-isystem /usr/bin/../lib/gcc/x86_64-redhat-linux/12/../../../../include/c++/12 -internal-isystem /usr/bin/../lib/gcc/x86_64-redhat-linux/12/../../../../include/c++/12/x86_64-redhat-linux -internal-isystem /usr/bin/../lib/gcc/x86_64-redhat-linux/12/../../../../include/c++/12/backward -internal-isystem /usr/lib64/clang/15.0.4/include -internal-isystem /usr/local/include -internal-isystem /usr/bin/../lib/gcc/x86_64-redhat-linux/12/../../../../x86_64-redhat-linux/include -internal-externc-isystem /include -internal-externc-isystem /usr/include -fdeprecated-macro -fdebug-compilation-dir=/home/salvo/Documenti/Tesi/CNN_model/export_C_int16/CMakeFiles/CMakeScratch/TryCompile-8Pxi6R -ferror-limit 19 -fgnuc-version=4.2.1 -fcxx-exceptions -fexceptions -fcolor-diagnostics -faddrsig -D__GCC_HAVE_DWARF2_CFI_ASM=1 -o CMakeFiles/cmTC_6007e.dir/CMakeCXXCompilerABI.cpp.o -x c++ /usr/share/cmake/Modules/CMakeCXXCompilerABI.cpp
clang -cc1 version 15.0.4 based upon LLVM 15.0.4 default target x86_64-redhat-linux-gnu
ignoring nonexistent directory "/usr/bin/../lib/gcc/x86_64-redhat-linux/12/../../../../x86_64-redhat-linux/include"
ignoring nonexistent directory "/include"
#include "..." search starts here:
#include <...> search starts here:
 /usr/bin/../lib/gcc/x86_64-redhat-linux/12/../../../../include/c++/12
 /usr/bin/../lib/gcc/x86_64-redhat-linux/12/../../../../include/c++/12/x86_64-redhat-linux
 /usr/bin/../lib/gcc/x86_64-redhat-linux/12/../../../../include/c++/12/backward
 /usr/lib64/clang/15.0.4/include
 /usr/local/include
 /usr/include
End of search list.
Linking CXX executable cmTC_6007e
/usr/bin/cmake -E cmake_link_script CMakeFiles/cmTC_6007e.dir/link.txt --verbose=1
/usr/bin/clang++  -v -rdynamic CMakeFiles/cmTC_6007e.dir/CMakeCXXCompilerABI.cpp.o -o cmTC_6007e 
clang version 15.0.4 (Fedora 15.0.4-1.fc37)
Target: x86_64-redhat-linux-gnu
Thread model: posix
InstalledDir: /usr/bin
Found candidate GCC installation: /usr/bin/../lib/gcc/x86_64-redhat-linux/12
Selected GCC installation: /usr/bin/../lib/gcc/x86_64-redhat-linux/12
Candidate multilib: .;@m64
Candidate multilib: 32;@m32
Selected multilib: .;@m64
 "/usr/bin/ld" -export-dynamic --hash-style=gnu --build-id --eh-frame-hdr -m elf_x86_64 -export-dynamic -dynamic-linker /lib64/ld-linux-x86-64.so.2 -o cmTC_6007e /usr/bin/../lib/gcc/x86_64-redhat-linux/12/../../../../lib64/crt1.o /usr/bin/../lib/gcc/x86_64-redhat-linux/12/../../../../lib64/crti.o /usr/bin/../lib/gcc/x86_64-redhat-linux/12/crtbegin.o -L/usr/bin/../lib/gcc/x86_64-redhat-linux/12 -L/usr/bin/../lib/gcc/x86_64-redhat-linux/12/../../../../lib64 -L/lib/../lib64 -L/usr/lib/../lib64 -L/lib -L/usr/lib CMakeFiles/cmTC_6007e.dir/CMakeCXXCompilerABI.cpp.o -lstdc++ -lm -lgcc_s -lgcc -lc -lgcc_s -lgcc /usr/bin/../lib/gcc/x86_64-redhat-linux/12/crtend.o /usr/bin/../lib/gcc/x86_64-redhat-linux/12/../../../../lib64/crtn.o
make[1]: Leaving directory '/home/salvo/Documenti/Tesi/CNN_model/export_C_int16/CMakeFiles/CMakeScratch/TryCompile-8Pxi6R'



Parsed CXX implicit include dir info from above output: rv=done
  found start of include info
  found start of implicit include info
    add: [/usr/bin/../lib/gcc/x86_64-redhat-linux/12/../../../../include/c++/12]
    add: [/usr/bin/../lib/gcc/x86_64-redhat-linux/12/../../../../include/c++/12/x86_64-redhat-linux]
    add: [/usr/bin/../lib/gcc/x86_64-redhat-linux/12/../../../../include/c++/12/backward]
    add: [/usr/lib64/clang/15.0.4/include]
    add: [/usr/local/include]
    add: [/usr/include]
  end of search list found
  collapse include dir [/usr/bin/../lib/gcc/x86_64-redhat-linux/12/../../../../include/c++/12] ==> [/usr/include/c++/12]
  collapse include dir [/usr/bin/../lib/gcc/x86_64-redhat-linux/12/../../../../include/c++/12/x86_64-redhat-linux] ==> [/usr/include/c++/12/x86_64-redhat-linux]
  collapse include dir [/usr/bin/../lib/gcc/x86_64-redhat-linux/12/../../../../include/c++/12/backward] ==> [/usr/include/c++/12/backward]
  collapse include dir [/usr/lib64/clang/15.0.4/include] ==> [/usr/lib64/clang/15.0.4/include]
  collapse include dir [/usr/local/include] ==> [/usr/local/include]
  collapse include dir [/usr/include] ==> [/usr/include]
  implicit include dirs: [/usr/include/c++/12;/usr/include/c++/12/x86_64-redhat-linux;/usr/include/c++/12/backward;/usr/lib64/clang/15.0.4/include;/usr/local/include;/usr/include]


Parsed CXX implicit link information from above output:
  link line regex: [^( *|.*[/\])(ld|CMAKE_LINK_STARTFILE-NOTFOUND|([^/\]+-)?ld|collect2)[^/\]*( |$)]
  ignore line: [Change Dir: /home/salvo/Documenti/Tesi/CNN_model/export_C_int16/CMakeFiles/CMakeScratch/TryCompile-8Pxi6R]
  ignore line: []
  ignore line: [Run Build Command(s):make -f Makefile cmTC_6007e/fast && make  -f CMakeFiles/cmTC_6007e.dir/build.make CMakeFiles/cmTC_6007e.dir/build]
  ignore line: [make[1]: Entering directory '/home/salvo/Documenti/Tesi/CNN_model/export_C_int16/CMakeFiles/CMakeScratch/TryCompile-8Pxi6R']
  ignore line: [Building CXX object CMakeFiles/cmTC_6007e.dir/CMakeCXXCompilerABI.cpp.o]
  ignore line: [/usr/bin/clang++   -fcolor-diagnostics   -v -MD -MT CMakeFiles/cmTC_6007e.dir/CMakeCXXCompilerABI.cpp.o -MF CMakeFiles/cmTC_6007e.dir/CMakeCXXCompilerABI.cpp.o.d -o CMakeFiles/cmTC_6007e.dir/CMakeCXXCompilerABI.cpp.o -c /usr/share/cmake/Modules/CMakeCXXCompilerABI.cpp]
  ignore line: [clang version 15.0.4 (Fedora 15.0.4-1.fc37)]
  ignore line: [Target: x86_64-redhat-linux-gnu]
  ignore line: [Thread model: posix]
  ignore line: [InstalledDir: /usr/bin]
  ignore line: [Found candidate GCC installation: /usr/bin/../lib/gcc/x86_64-redhat-linux/12]
  ignore line: [Selected GCC installation: /usr/bin/../lib/gcc/x86_64-redhat-linux/12]
  ignore line: [Candidate multilib: .]
  ignore line: [@m64]
  ignore line: [Candidate multilib: 32]
  ignore line: [@m32]
  ignore line: [Selected multilib: .]
  ignore line: [@m64]
  ignore line: [ (in-process)]
  ignore line: [ "/usr/bin/clang-15" -cc1 -triple x86_64-redhat-linux-gnu -emit-obj -mrelax-all --mrelax-relocations -disable-free -clear-ast-before-backend -disable-llvm-verifier -discard-value-names -main-file-name CMakeCXXCompilerABI.cpp -mrelocation-model static -mframe-pointer=all -fmath-errno -ffp-contract=on -fno-rounding-math -mconstructor-aliases -funwind-tables=2 -target-cpu x86-64 -tune-cpu generic -mllvm -treat-scalable-fixed-error-as-warning -debugger-tuning=gdb -v -fcoverage-compilation-dir=/home/salvo/Documenti/Tesi/CNN_model/export_C_int16/CMakeFiles/CMakeScratch/TryCompile-8Pxi6R -resource-dir /usr/lib64/clang/15.0.4 -dependency-file CMakeFiles/cmTC_6007e.dir/CMakeCXXCompilerABI.cpp.o.d -MT CMakeFiles/cmTC_6007e.dir/CMakeCXXCompilerABI.cpp.o -sys-header-deps -internal-isystem /usr/bin/../lib/gcc/x86_64-redhat-linux/12/../../../../include/c++/12 -internal-isystem /usr/bin/../lib/gcc/x86_64-redhat-linux/12/../../../../include/c++/12/x86_64-redhat-linux -internal-isystem /usr/bin/../lib/gcc/x86_64-redhat-linux/12/../../../../include/c++/12/backward -internal-isystem /usr/lib64/clang/15.0.4/include -internal-isystem /usr/local/include -internal-isystem /usr/bin/../lib/gcc/x86_64-redhat-linux/12/../../../../x86_64-redhat-linux/include -internal-externc-isystem /include -internal-externc-isystem /usr/include -fdeprecated-macro -fdebug-compilation-dir=/home/salvo/Documenti/Tesi/CNN_model/export_C_int16/CMakeFiles/CMakeScratch/TryCompile-8Pxi6R -ferror-limit 19 -fgnuc-version=4.2.1 -fcxx-exceptions -fexceptions -fcolor-diagnostics -faddrsig -D__GCC_HAVE_DWARF2_CFI_ASM=1 -o CMakeFiles/cmTC_6007e.dir/CMakeCXXCompilerABI.cpp.o -x c++ /usr/share/cmake/Modules/CMakeCXXCompilerABI.cpp]
  ignore line: [clang -cc1 version 15.0.4 based upon LLVM 15.0.4 default target x86_64-redhat-linux-gnu]
  ignore line: [ignoring nonexistent directory "/usr/bin/../lib/gcc/x86_64-redhat-linux/12/../../../../x86_64-redhat-linux/include"]
  ignore line: [ignoring nonexistent directory "/include"]
  ignore line: [#include "..." search starts here:]
  ignore line: [#include <...> search starts here:]
  ignore line: [ /usr/bin/../lib/gcc/x86_64-redhat-linux/12/../../../../include/c++/12]
  ignore line: [ /usr/bin/../lib/gcc/x86_64-redhat-linux/12/../../../../include/c++/12/x86_64-redhat-linux]
  ignore line: [ /usr/bin/../lib/gcc/x86_64-redhat-linux/12/../../../../include/c++/12/backward]
  ignore line: [ /usr/lib64/clang/15.0.4/include]
  ignore line: [ /usr/local/include]
  ignore line: [ /usr/include]
  ignore line: [End of search list.]
  ignore line: [Linking CXX executable cmTC_6007e]
  ignore line: [/usr/bin/cmake -E cmake_link_script CMakeFiles/cmTC_6007e.dir/link.txt --verbose=1]
  ignore line: [/usr/bin/clang++  -v -rdynamic CMakeFiles/cmTC_6007e.dir/CMakeCXXCompilerABI.cpp.o -o cmTC_6007e ]
  ignore line: [clang version 15.0.4 (Fedora 15.0.4-1.fc37)]
  ignore line: [Target: x86_64-redhat-linux-gnu]
  ignore line: [Thread model: posix]
  ignore line: [InstalledDir: /usr/bin]
  ignore line: [Found candidate GCC installation: /usr/bin/../lib/gcc/x86_64-redhat-linux/12]
  ignore line: [Selected GCC installation: /usr/bin/../lib/gcc/x86_64-redhat-linux/12]
  ignore line: [Candidate multilib: .]
  ignore line: [@m64]
  ignore line: [Candidate multilib: 32]
  ignore line: [@m32]
  ignore line: [Selected multilib: .]
  ignore line: [@m64]
  link line: [ "/usr/bin/ld" -export-dynamic --hash-style=gnu --build-id --eh-frame-hdr -m elf_x86_64 -export-dynamic -dynamic-linker /lib64/ld-linux-x86-64.so.2 -o cmTC_6007e /usr/bin/../lib/gcc/x86_64-redhat-linux/12/../../../../lib64/crt1.o /usr/bin/../lib/gcc/x86_64-redhat-linux/12/../../../../lib64/crti.o /usr/bin/../lib/gcc/x86_64-redhat-linux/12/crtbegin.o -L/usr/bin/../lib/gcc/x86_64-redhat-linux/12 -L/usr/bin/../lib/gcc/x86_64-redhat-linux/12/../../../../lib64 -L/lib/../lib64 -L/usr/lib/../lib64 -L/lib -L/usr/lib CMakeFiles/cmTC_6007e.dir/CMakeCXXCompilerABI.cpp.o -lstdc++ -lm -lgcc_s -lgcc -lc -lgcc_s -lgcc /usr/bin/../lib/gcc/x86_64-redhat-linux/12/crtend.o /usr/bin/../lib/gcc/x86_64-redhat-linux/12/../../../../lib64/crtn.o]
    arg [/usr/bin/ld] ==> ignore
    arg [-export-dynamic] ==> ignore
    arg [--hash-style=gnu] ==> ignore
    arg [--build-id] ==> ignore
    arg [--eh-frame-hdr] ==> ignore
    arg [-m] ==> ignore
    arg [elf_x86_64] ==> ignore
    arg [-export-dynamic] ==> ignore
    arg [-dynamic-linker] ==> ignore
    arg [/lib64/ld-linux-x86-64.so.2] ==> ignore
    arg [-o] ==> ignore
    arg [cmTC_6007e] ==> ignore
    arg [/usr/bin/../lib/gcc/x86_64-redhat-linux/12/../../../../lib64/crt1.o] ==> obj [/usr/bin/../lib/gcc/x86_64-redhat-linux/12/../../../../lib64/crt1.o]
    arg [/usr/bin/../lib/gcc/x86_64-redhat-linux/12/../../../../lib64/crti.o] ==> obj [/usr/bin/../lib/gcc/x86_64-redhat-linux/12/../../../../lib64/crti.o]
    arg [/usr/bin/../lib/gcc/x86_64-redhat-linux/12/crtbegin.o] ==> obj [/usr/bin/../lib/gcc/x86_64-redhat-linux/12/crtbegin.o]
    arg [-L/usr/bin/../lib/gcc/x86_64-redhat-linux/12] ==> dir [/usr/bin/../lib/gcc/x86_64-redhat-linux/12]
    arg [-L/usr/bin/../lib/gcc/x86_64-redhat-linux/12/../../../../lib64] ==> dir [/usr/bin/../lib/gcc/x86_64-redhat-linux/12/../../../../lib64]
    arg [-L/lib/../lib64] ==> dir [/lib/../lib64]
    arg [-L/usr/lib/../lib64] ==> dir [/usr/lib/../lib64]
    arg [-L/lib] ==> dir [/lib]
    arg [-L/usr/lib] ==> dir [/usr/lib]
    arg [CMakeFiles/cmTC_6007e.dir/CMakeCXXCompilerABI.cpp.o] ==> ignore
    arg [-lstdc++] ==> lib [stdc++]
    arg [-lm] ==> lib [m]
    arg [-lgcc_s] ==> lib [gcc_s]
    arg [-lgcc] ==> lib [gcc]
    arg [-lc] ==> lib [c]
    arg [-lgcc_s] ==> lib [gcc_s]
    arg [-lgcc] ==> lib [gcc]
    arg [/usr/bin/../lib/gcc/x86_64-redhat-linux/12/crtend.o] ==> obj [/usr/bin/../lib/gcc/x86_64-redhat-linux/12/crtend.o]
    arg [/usr/bin/../lib/gcc/x86_64-redhat-linux/12/../../../../lib64/crtn.o] ==> obj [/usr/bin/../lib/gcc/x86_64-redhat-linux/12/../../../../lib64/crtn.o]
  collapse obj [/usr/bin/../lib/gcc/x86_64-redhat-linux/12/../../../../lib64/crt1.o] ==> [/usr/lib64/crt1.o]
  collapse obj [/usr/bin/../lib/gcc/x86_64-redhat-linux/12/../../../../lib64/crti.o] ==> [/usr/lib64/crti.o]
  collapse obj [/usr/bin/../lib/gcc/x86_64-redhat-linux/12/crtbegin.o] ==> [/usr/lib/gcc/x86_64-redhat-linux/12/crtbegin.o]
  collapse obj [/usr/bin/../lib/gcc/x86_64-redhat-linux/12/crtend.o] ==> [/usr/lib/gcc/x86_64-redhat-linux/12/crtend.o]
  collapse obj [/usr/bin/../lib/gcc/x86_64-redhat-linux/12/../../../../lib64/crtn.o] ==> [/usr/lib64/crtn.o]
  collapse library dir [/usr/bin/../lib/gcc/x86_64-redhat-linux/12] ==> [/usr/lib/gcc/x86_64-redhat-linux/12]
  collapse library dir [/usr/bin/../lib/gcc/x86_64-redhat-linux/12/../../../../lib64] ==> [/usr/lib64]
  collapse library dir [/lib/../lib64] ==> [/lib64]
  collapse library dir [/usr/lib/../lib64] ==> [/usr/lib64]
  collapse library dir [/lib] ==> [/lib]
  collapse library dir [/usr/lib] ==> [/usr/lib]
  implicit libs: [stdc++;m;gcc_s;gcc;c;gcc_s;gcc]
  implicit objs: [/usr/lib64/crt1.o;/usr/lib64/crti.o;/usr/lib/gcc/x86_64-redhat-linux/12/crtbegin.o;/usr/lib/gcc/x86_64-redhat-linux/12/crtend.o;/usr/lib64/crtn.o]
  implicit dirs: [/usr/lib/gcc/x86_64-redhat-linux/12;/usr/lib64;/lib64;/lib;/usr/lib]
  implicit fwks: []


